#
# There is insufficient memory for the Java Runtime Environment to continue.
# Native memory allocation (malloc) failed to allocate 1900019712 bytes for committing reserved memory.
# Possible reasons:
#   The system is out of physical RAM or swap space
#   In 32 bit mode, the process size limit was hit
# Possible solutions:
#   Reduce memory load on the system
#   Increase physical memory or swap space
#   Check if swap backing store is full
#   Use 64 bit Java on a 64 bit OS
#   Decrease Java heap size (-Xmx/-Xms)
#   Decrease number of Java threads
#   Decrease Java thread stack sizes (-Xss)
#   Set larger code cache with -XX:ReservedCodeCacheSize=
# This output file may be truncated or incomplete.
#
#  Out of Memory Error (os_linux.cpp:2827), pid=3441, tid=140131255195392
#
# JRE version: OpenJDK Runtime Environment (7.0_101) (build 1.7.0_101-b00)
# Java VM: OpenJDK 64-Bit Server VM (24.95-b01 mixed mode linux-amd64 )
# Derivative: IcedTea 2.6.6
# Distribution: Ubuntu 14.04 LTS, package 7u101-2.6.6-0ubuntu0.14.04.1
# Failed to write core dump. Core dumps have been disabled. To enable core dumping, try "ulimit -c unlimited" before starting Java again
#

---------------  T H R E A D  ---------------

Current thread (0x000000003e645800):  VMThread [stack: 0x00007f72d9a01000,0x00007f72d9b02000] [id=3533]

Stack: [0x00007f72d9a01000,0x00007f72d9b02000],  sp=0x00007f72d9b00390,  free space=1020k
Native frames: (J=compiled Java code, j=interpreted, Vv=VM code, C=native code)
V  [libjvm.so+0x955705]
V  [libjvm.so+0x490c44]
V  [libjvm.so+0x7d0c9b]
V  [libjvm.so+0x7cb75f]
V  [libjvm.so+0x83ee5b]
V  [libjvm.so+0x82f0ab]
V  [libjvm.so+0x82f26b]
V  [libjvm.so+0x830198]
V  [libjvm.so+0x836a44]
V  [libjvm.so+0x83cf9d]
V  [libjvm.so+0x7f34a3]
V  [libjvm.so+0x957104]
V  [libjvm.so+0x95b207]
V  [libjvm.so+0x959cc8]
V  [libjvm.so+0x95a129]
V  [libjvm.so+0x95a572]
V  [libjvm.so+0x7cdb62]

VM_Operation (0x00007fff97f81100): ParallelGCFailedAllocation, mode: safepoint, requested by thread 0x000000003c87e000


---------------  P R O C E S S  ---------------

Java Threads: ( => current thread )
  0x000000003e67a000 JavaThread "Service Thread" daemon [_thread_blocked, id=3539, stack(0x00007f52ad17b000,0x00007f52ad27c000)]
  0x000000003e678000 JavaThread "C2 CompilerThread1" daemon [_thread_blocked, id=3538, stack(0x00007f52ad27c000,0x00007f52ad37d000)]
  0x000000003e675800 JavaThread "C2 CompilerThread0" daemon [_thread_blocked, id=3537, stack(0x00007f72d95fd000,0x00007f72d96fe000)]
  0x000000003e673800 JavaThread "Attach Listener" daemon [_thread_blocked, id=3536, stack(0x00007f72d96fe000,0x00007f72d97ff000)]
  0x000000003e64b800 JavaThread "Finalizer" daemon [_thread_blocked, id=3535, stack(0x00007f72d97ff000,0x00007f72d9900000)]
  0x000000003e649800 JavaThread "Reference Handler" daemon [_thread_blocked, id=3534, stack(0x00007f72d9900000,0x00007f72d9a01000)]
  0x000000003c87e000 JavaThread "main" [_thread_blocked, id=3441, stack(0x00007fff97e8f000,0x00007fff97f8f000)]

Other Threads:
=>0x000000003e645800 VMThread [stack: 0x00007f72d9a01000,0x00007f72d9b02000] [id=3533]
  0x000000003e684000 WatcherThread [stack: 0x00007f52ad07a000,0x00007f52ad17b000] [id=3540]

VM state:at safepoint (normal execution)

VM Mutex/Monitor currently owned by a thread:  ([mutex/lock_event])
[0x000000000aebf280] ExpandHeap_lock - owner thread: 0x000000003e645800
[0x000000000b17d0d0] Threads_lock - owner thread: 0x000000003e645800
[0x000000000b5b8310] Heap_lock - owner thread: 0x000000003c87e000

Heap
 PSYoungGen      total 6125056K, used 341367K [0x00007f6828380000, 0x00007f69f0b00000, 0x00007f72d2e80000)
  eden space 5003776K, 0% used [0x00007f6828380000,0x00007f6828380000,0x00007f6959a00000)
  from space 1121280K, 30% used [0x00007f69a2600000,0x00007f69b735de60,0x00007f69e6d00000)
  to   space 1191936K, 0% used [0x00007f6959a00000,0x00007f6959a00000,0x00007f69a2600000)
 ParOldGen       total 2510336K, used 2510255K [0x00007f52d2e80000, 0x00007f536c200000, 0x00007f6828380000)
  object space 2510336K, 99% used [0x00007f52d2e80000,0x00007f536c1ebc68,0x00007f536c200000)
 PSPermGen       total 21504K, used 3355K [0x00007f52c8880000, 0x00007f52c9d80000, 0x00007f52d2e80000)
  object space 21504K, 15% used [0x00007f52c8880000,0x00007f52c8bc6cd8,0x00007f52c9d80000)

Card table byte_map: [0x00007f52b882c000,0x00007f52c8880000] byte_map_base: 0x00007f130f1e7c00

Polling page: 0x00007f72ffdca000

Code Cache  [0x00007f72d2eb7000, 0x00007f72d3127000, 0x00007f72d5eb7000)
 total_blobs=281 nmethods=95 adapters=140 free_code_cache=48557Kb largest_free_block=49685312

Compilation events (10 events):
Event: 3663.211 Thread 0x000000003e675800   91 %           RWekaInterfaces::tokenize @ 50 (98 bytes)
Event: 3663.220 Thread 0x000000003e678000   92             java.lang.AbstractStringBuilder::<init> (12 bytes)
Event: 3663.222 Thread 0x000000003e678000 nmethod 92 0x00007f72d2f42b90 code [0x00007f72d2f42ce0, 0x00007f72d2f42df8]
Event: 3663.222 Thread 0x000000003e678000   93             java.lang.StringBuilder::<init> (7 bytes)
Event: 3663.222 Thread 0x000000003e678000 nmethod 93 0x00007f72d2f41d10 code [0x00007f72d2f41e60, 0x00007f72d2f41f58]
Event: 3663.223 Thread 0x000000003e678000   94             java.lang.StringBuilder::toString (17 bytes)
Event: 3663.226 Thread 0x000000003e678000 nmethod 94 0x00007f72d2f4b790 code [0x00007f72d2f4b8e0, 0x00007f72d2f4bbf8]
Event: 3663.246 Thread 0x000000003e675800 nmethod 91% 0x00007f72d2f52a90 code [0x00007f72d2f52ca0, 0x00007f72d2f54150]
Event: 3687.463 Thread 0x000000003e678000   95             java.lang.String::trim (77 bytes)
Event: 3687.494 Thread 0x000000003e678000 nmethod 95 0x00007f72d2f4ae10 code [0x00007f72d2f4af80, 0x00007f72d2f4b418]

GC Heap History (10 events):
Event: 5882.952 GC heap after
Heap after GC invocations=102 (full 25):
 PSYoungGen      total 4926464K, used 999309K [0x00007f6828380000, 0x00007f69c2f80000, 0x00007f72d2e80000)
  eden space 3884032K, 0% used [0x00007f6828380000,0x00007f6828380000,0x00007f6915480000)
  from space 1042432K, 95% used [0x00007f6915480000,0x00007f6952463468,0x00007f6954e80000)
  to   space 1149440K, 0% used [0x00007f697cd00000,0x00007f697cd00000,0x00007f69c2f80000)
 ParOldGen       total 4007936K, used 3065979K [0x00007f52d2e80000, 0x00007f53c7880000, 0x00007f6828380000)
  object space 4007936K, 76% used [0x00007f52d2e80000,0x00007f538e09ee58,0x00007f53c7880000)
 PSPermGen       total 21504K, used 3355K [0x00007f52c8880000, 0x00007f52c9d80000, 0x00007f52d2e80000)
  object space 21504K, 15% used [0x00007f52c8880000,0x00007f52c8bc6cd8,0x00007f52c9d80000)
}
Event: 5882.962 GC heap before
{Heap before GC invocations=103 (full 26):
 PSYoungGen      total 4926464K, used 999309K [0x00007f6828380000, 0x00007f69c2f80000, 0x00007f72d2e80000)
  eden space 3884032K, 0% used [0x00007f6828380000,0x00007f6828380000,0x00007f6915480000)
  from space 1042432K, 95% used [0x00007f6915480000,0x00007f6952463468,0x00007f6954e80000)
  to   space 1149440K, 0% used [0x00007f697cd00000,0x00007f697cd00000,0x00007f69c2f80000)
 ParOldGen       total 4007936K, used 3065979K [0x00007f52d2e80000, 0x00007f53c7880000, 0x00007f6828380000)
  object space 4007936K, 76% used [0x00007f52d2e80000,0x00007f538e09ee58,0x00007f53c7880000)
 PSPermGen       total 21504K, used 3355K [0x00007f52c8880000, 0x00007f52c9d80000, 0x00007f52d2e80000)
  object space 21504K, 15% used [0x00007f52c8880000,0x00007f52c8bc6cd8,0x00007f52c9d80000)
Event: 5901.719 GC heap after
Heap after GC invocations=103 (full 26):
 PSYoungGen      total 4926464K, used 0K [0x00007f6828380000, 0x00007f69c2f80000, 0x00007f72d2e80000)
  eden space 3884032K, 0% used [0x00007f6828380000,0x00007f6828380000,0x00007f6915480000)
  from space 1042432K, 0% used [0x00007f6915480000,0x00007f6915480000,0x00007f6954e80000)
  to   space 1149440K, 0% used [0x00007f697cd00000,0x00007f697cd00000,0x00007f69c2f80000)
 ParOldGen       total 2510336K, used 770662K [0x00007f52d2e80000, 0x00007f536c200000, 0x00007f6828380000)
  object space 2510336K, 30% used [0x00007f52d2e80000,0x00007f5301f19ab8,0x00007f536c200000)
 PSPermGen       total 21504K, used 3355K [0x00007f52c8880000, 0x00007f52c9d80000, 0x00007f52d2e80000)
  object space 21504K, 15% used [0x00007f52c8880000,0x00007f52c8bc6cd8,0x00007f52c9d80000)
}
Event: 5933.299 GC heap before
{Heap before GC invocations=104 (full 26):
 PSYoungGen      total 4926464K, used 3884032K [0x00007f6828380000, 0x00007f69c2f80000, 0x00007f72d2e80000)
  eden space 3884032K, 100% used [0x00007f6828380000,0x00007f6915480000,0x00007f6915480000)
  from space 1042432K, 0% used [0x00007f6915480000,0x00007f6915480000,0x00007f6954e80000)
  to   space 1149440K, 0% used [0x00007f697cd00000,0x00007f697cd00000,0x00007f69c2f80000)
 ParOldGen       total 2510336K, used 770662K [0x00007f52d2e80000, 0x00007f536c200000, 0x00007f6828380000)
  object space 2510336K, 30% used [0x00007f52d2e80000,0x00007f5301f19ab8,0x00007f536c200000)
 PSPermGen       total 21504K, used 3355K [0x00007f52c8880000, 0x00007f52c9d80000, 0x00007f52d2e80000)
  object space 21504K, 15% used [0x00007f52c8880000,0x00007f52c8bc6cd8,0x00007f52c9d80000)
Event: 5935.065 GC heap after
Heap after GC invocations=104 (full 26):
 PSYoungGen      total 5480960K, used 644544K [0x00007f6828380000, 0x00007f69bd280000, 0x00007f72d2e80000)
  eden space 4426752K, 0% used [0x00007f6828380000,0x00007f6828380000,0x00007f6936680000)
  from space 1054208K, 61% used [0x00007f697cd00000,0x00007f69a4270018,0x00007f69bd280000)
  to   space 1103872K, 0% used [0x00007f6936680000,0x00007f6936680000,0x00007f6979c80000)
 ParOldGen       total 2510336K, used 770662K [0x00007f52d2e80000, 0x00007f536c200000, 0x00007f6828380000)
  object space 2510336K, 30% used [0x00007f52d2e80000,0x00007f5301f19ab8,0x00007f536c200000)
 PSPermGen       total 21504K, used 3355K [0x00007f52c8880000, 0x00007f52c9d80000, 0x00007f52d2e80000)
  object space 21504K, 15% used [0x00007f52c8880000,0x00007f52c8bc6cd8,0x00007f52c9d80000)
}
Event: 5949.922 GC heap before
{Heap before GC invocations=105 (full 26):
 PSYoungGen      total 5480960K, used 5071296K [0x00007f6828380000, 0x00007f69bd280000, 0x00007f72d2e80000)
  eden space 4426752K, 100% used [0x00007f6828380000,0x00007f6936680000,0x00007f6936680000)
  from space 1054208K, 61% used [0x00007f697cd00000,0x00007f69a4270018,0x00007f69bd280000)
  to   space 1103872K, 0% used [0x00007f6936680000,0x00007f6936680000,0x00007f6979c80000)
 ParOldGen       total 2510336K, used 770662K [0x00007f52d2e80000, 0x00007f536c200000, 0x00007f6828380000)
  object space 2510336K, 30% used [0x00007f52d2e80000,0x00007f5301f19ab8,0x00007f536c200000)
 PSPermGen       total 21504K, used 3355K [0x00007f52c8880000, 0x00007f52c9d80000, 0x00007f52d2e80000)
  object space 21504K, 15% used [0x00007f52c8880000,0x00007f52c8bc6cd8,0x00007f52c9d80000)
Event: 5970.104 GC heap after
Heap after GC invocations=105 (full 26):
 PSYoungGen      total 5530624K, used 803872K [0x00007f6828380000, 0x00007f69e6d00000, 0x00007f72d2e80000)
  eden space 4426752K, 0% used [0x00007f6828380000,0x00007f6828380000,0x00007f6936680000)
  from space 1103872K, 72% used [0x00007f6936680000,0x00007f6967788018,0x00007f6979c80000)
  to   space 1121280K, 0% used [0x00007f69a2600000,0x00007f69a2600000,0x00007f69e6d00000)
 ParOldGen       total 2510336K, used 1322918K [0x00007f52d2e80000, 0x00007f536c200000, 0x00007f6828380000)
  object space 2510336K, 52% used [0x00007f52d2e80000,0x00007f5323a69ab8,0x00007f536c200000)
 PSPermGen       total 21504K, used 3355K [0x00007f52c8880000, 0x00007f52c9d80000, 0x00007f52d2e80000)
  object space 21504K, 15% used [0x00007f52c8880000,0x00007f52c8bc6cd8,0x00007f52c9d80000)
}
Event: 5999.104 GC heap before
{Heap before GC invocations=106 (full 26):
 PSYoungGen      total 5530624K, used 5230624K [0x00007f6828380000, 0x00007f69e6d00000, 0x00007f72d2e80000)
  eden space 4426752K, 100% used [0x00007f6828380000,0x00007f6936680000,0x00007f6936680000)
  from space 1103872K, 72% used [0x00007f6936680000,0x00007f6967788018,0x00007f6979c80000)
  to   space 1121280K, 0% used [0x00007f69a2600000,0x00007f69a2600000,0x00007f69e6d00000)
 ParOldGen       total 2510336K, used 1322918K [0x00007f52d2e80000, 0x00007f536c200000, 0x00007f6828380000)
  object space 2510336K, 52% used [0x00007f52d2e80000,0x00007f5323a69ab8,0x00007f536c200000)
 PSPermGen       total 21504K, used 3355K [0x00007f52c8880000, 0x00007f52c9d80000, 0x00007f52d2e80000)
  object space 21504K, 15% used [0x00007f52c8880000,0x00007f52c8bc6cd8,0x00007f52c9d80000)
Event: 6042.402 GC heap after
Heap after GC invocations=106 (full 26):
 PSYoungGen      total 6125056K, used 964960K [0x00007f6828380000, 0x00007f69f0b00000, 0x00007f72d2e80000)
  eden space 5003776K, 0% used [0x00007f6828380000,0x00007f6828380000,0x00007f6959a00000)
  from space 1121280K, 86% used [0x00007f69a2600000,0x00007f69dd458018,0x00007f69e6d00000)
  to   space 1191936K, 0% used [0x00007f6959a00000,0x00007f6959a00000,0x00007f69a2600000)
 ParOldGen       total 2510336K, used 1940542K [0x00007f52d2e80000, 0x00007f536c200000, 0x00007f6828380000)
  object space 2510336K, 77% used [0x00007f52d2e80000,0x00007f534958fab8,0x00007f536c200000)
 PSPermGen       total 21504K, used 3355K [0x00007f52c8880000, 0x00007f52c9d80000, 0x00007f52d2e80000)
  object space 21504K, 15% used [0x00007f52c8880000,0x00007f52c8bc6cd8,0x00007f52c9d80000)
}
Event: 6042.410 GC heap before
{Heap before GC invocations=107 (full 27):
 PSYoungGen      total 6125056K, used 964960K [0x00007f6828380000, 0x00007f69f0b00000, 0x00007f72d2e80000)
  eden space 5003776K, 0% used [0x00007f6828380000,0x00007f6828380000,0x00007f6959a00000)
  from space 1121280K, 86% used [0x00007f69a2600000,0x00007f69dd458018,0x00007f69e6d00000)
  to   space 1191936K, 0% used [0x00007f6959a00000,0x00007f6959a00000,0x00007f69a2600000)
 ParOldGen       total 2510336K, used 1940542K [0x00007f52d2e80000, 0x00007f536c200000, 0x00007f6828380000)
  object space 2510336K, 77% used [0x00007f52d2e80000,0x00007f534958fab8,0x00007f536c200000)
 PSPermGen       total 21504K, used 3355K [0x00007f52c8880000, 0x00007f52c9d80000, 0x00007f52d2e80000)
  object space 21504K, 15% used [0x00007f52c8880000,0x00007f52c8bc6cd8,0x00007f52c9d80000)

Deoptimization events (10 events):
Event: 3427.986 Thread 0x000000003c87e000 Uncommon trap: reason=array_check action=maybe_recompile pc=0x00007f72d2f27354 method=java.util.AbstractCollection.toArray([Ljava/lang/Object;)[Ljava/lang/Object; @ 119
Event: 3427.986 Thread 0x000000003c87e000 Uncommon trap: reason=array_check action=maybe_recompile pc=0x00007f72d2f27354 method=java.util.AbstractCollection.toArray([Ljava/lang/Object;)[Ljava/lang/Object; @ 119
Event: 3427.986 Thread 0x000000003c87e000 Uncommon trap: reason=array_check action=maybe_recompile pc=0x00007f72d2f27354 method=java.util.AbstractCollection.toArray([Ljava/lang/Object;)[Ljava/lang/Object; @ 119
Event: 3428.063 Thread 0x000000003c87e000 Uncommon trap: reason=unstable_if action=reinterpret pc=0x00007f72d2f37b1c method=java.util.regex.Pattern.split(Ljava/lang/CharSequence;I)[Ljava/lang/String; @ 206
Event: 3436.416 Thread 0x000000003c87e000 Uncommon trap: reason=unstable_if action=reinterpret pc=0x00007f72d2f20224 method=java.lang.String.trim()Ljava/lang/String; @ 44
Event: 3480.740 Thread 0x000000003c87e000 Uncommon trap: reason=unstable_if action=reinterpret pc=0x00007f72d2f2d214 method=RWekaInterfaces.tokenize(Lweka/core/tokenizers/Tokenizer;[Ljava/lang/String;[Ljava/lang/String;)[Ljava/lang/String; @ 20
Event: 3662.194 Thread 0x000000003c87e000 Uncommon trap: reason=unstable_if action=reinterpret pc=0x00007f72d2f3cc9c method=java.lang.String.trim()Ljava/lang/String; @ 54
Event: 3663.053 Thread 0x000000003c87e000 Uncommon trap: reason=unstable_if action=reinterpret pc=0x00007f72d2f27efc method=java.lang.String.equals(Ljava/lang/Object;)Z @ 53
Event: 3687.453 Thread 0x000000003c87e000 Uncommon trap: reason=unstable_if action=reinterpret pc=0x00007f72d2f42204 method=java.lang.String.trim()Ljava/lang/String; @ 15
Event: 4017.671 Thread 0x000000003c87e000 Uncommon trap: reason=unstable_if action=reinterpret pc=0x00007f72d2f4e0c0 method=java.lang.String.trim()Ljava/lang/String; @ 15

Internal exceptions (10 events):
Event: 3427.867 Thread 0x000000003c87e000 Threw 0x00007f682a9fc538 at /build/openjdk-7-9duhBW/openjdk-7-7u101-2.6.6/build/openjdk/hotspot/src/share/vm/prims/jvm.cpp:1322
Event: 3427.867 Thread 0x000000003c87e000 Threw 0x00007f682a9fd7e8 at /build/openjdk-7-9duhBW/openjdk-7-7u101-2.6.6/build/openjdk/hotspot/src/share/vm/prims/jvm.cpp:1322
Event: 3427.868 Thread 0x000000003c87e000 Threw 0x00007f682aa01cc0 at /build/openjdk-7-9duhBW/openjdk-7-7u101-2.6.6/build/openjdk/hotspot/src/share/vm/prims/jvm.cpp:1322
Event: 3427.868 Thread 0x000000003c87e000 Threw 0x00007f682aa02f70 at /build/openjdk-7-9duhBW/openjdk-7-7u101-2.6.6/build/openjdk/hotspot/src/share/vm/prims/jvm.cpp:1322
Event: 3427.869 Thread 0x000000003c87e000 Threw 0x00007f682aa06158 at /build/openjdk-7-9duhBW/openjdk-7-7u101-2.6.6/build/openjdk/hotspot/src/share/vm/prims/jvm.cpp:1322
Event: 3427.870 Thread 0x000000003c87e000 Threw 0x00007f682aa073d0 at /build/openjdk-7-9duhBW/openjdk-7-7u101-2.6.6/build/openjdk/hotspot/src/share/vm/prims/jvm.cpp:1322
Event: 3427.873 Thread 0x000000003c87e000 Threw 0x00007f682aa2b4a0 at /build/openjdk-7-9duhBW/openjdk-7-7u101-2.6.6/build/openjdk/hotspot/src/share/vm/prims/jvm.cpp:1322
Event: 3427.873 Thread 0x000000003c87e000 Threw 0x00007f682aa2c750 at /build/openjdk-7-9duhBW/openjdk-7-7u101-2.6.6/build/openjdk/hotspot/src/share/vm/prims/jvm.cpp:1322
Event: 3427.875 Thread 0x000000003c87e000 Threw 0x00007f682aa31fa8 at /build/openjdk-7-9duhBW/openjdk-7-7u101-2.6.6/build/openjdk/hotspot/src/share/vm/prims/jvm.cpp:1322
Event: 3427.875 Thread 0x000000003c87e000 Threw 0x00007f682aa33380 at /build/openjdk-7-9duhBW/openjdk-7-7u101-2.6.6/build/openjdk/hotspot/src/share/vm/prims/jvm.cpp:1322

Events (10 events):
Event: 5254.866 Executing VM operation: ParallelGCFailedAllocation done
Event: 5286.307 Executing VM operation: ParallelGCFailedAllocation
Event: 5313.668 Executing VM operation: ParallelGCFailedAllocation done
Event: 5819.972 Executing VM operation: ParallelGCFailedAllocation
Event: 5901.741 Executing VM operation: ParallelGCFailedAllocation done
Event: 5933.285 Executing VM operation: ParallelGCFailedAllocation
Event: 5935.069 Executing VM operation: ParallelGCFailedAllocation done
Event: 5949.898 Executing VM operation: ParallelGCFailedAllocation
Event: 5970.118 Executing VM operation: ParallelGCFailedAllocation done
Event: 5999.093 Executing VM operation: ParallelGCFailedAllocation


Dynamic libraries:
00400000-0122d000 r-xp 00000000 fc:01 13381325                           /usr/lib/rstudio/bin/rsession
0142c000-01448000 r--p 00e2c000 fc:01 13381325                           /usr/lib/rstudio/bin/rsession
01448000-0144d000 rw-p 00e48000 fc:01 13381325                           /usr/lib/rstudio/bin/rsession
0144d000-01454000 rw-p 00000000 00:00 0 
01a9d000-c505e000 rw-p 00000000 00:00 0                                  [heap]
7f514bfff000-7f5150000000 rw-p 00000000 00:00 0 
7f5150000000-7f5150021000 rw-p 00000000 00:00 0 
7f5150021000-7f5154000000 ---p 00000000 00:00 0 
7f5154fc5000-7f5158000000 rw-p 00000000 00:00 0 
7f5158000000-7f515838c000 rw-p 00000000 00:00 0 
7f515838c000-7f515c000000 ---p 00000000 00:00 0 
7f515c000000-7f515c021000 rw-p 00000000 00:00 0 
7f515c021000-7f5160000000 ---p 00000000 00:00 0 
7f5160000000-7f5160021000 rw-p 00000000 00:00 0 
7f5160021000-7f5164000000 ---p 00000000 00:00 0 
7f5164000000-7f516445d000 rw-p 00000000 00:00 0 
7f516445d000-7f5168000000 ---p 00000000 00:00 0 
7f5168000000-7f5168021000 rw-p 00000000 00:00 0 
7f5168021000-7f516c000000 ---p 00000000 00:00 0 
7f516c000000-7f516c021000 rw-p 00000000 00:00 0 
7f516c021000-7f5170000000 ---p 00000000 00:00 0 
7f5170000000-7f5170021000 rw-p 00000000 00:00 0 
7f5170021000-7f5174000000 ---p 00000000 00:00 0 
7f5177a7d000-7f5288000000 rw-p 00000000 00:00 0 
7f5288000000-7f528af17000 rw-p 00000000 00:00 0 
7f528af17000-7f528c000000 ---p 00000000 00:00 0 
7f528c000000-7f528eab1000 rw-p 00000000 00:00 0 
7f528eab1000-7f5290000000 ---p 00000000 00:00 0 
7f5290000000-7f5294000000 rw-p 00000000 00:00 0 
7f5298000000-7f529c000000 rw-p 00000000 00:00 0 
7f529c000000-7f529faa2000 rw-p 00000000 00:00 0 
7f529faa2000-7f52a0000000 ---p 00000000 00:00 0 
7f52a0000000-7f52a4000000 rw-p 00000000 00:00 0 
7f52a4000000-7f52a6f9e000 rw-p 00000000 00:00 0 
7f52a6f9e000-7f52a8000000 ---p 00000000 00:00 0 
7f52a8000000-7f52a8b04000 rw-p 00000000 00:00 0 
7f52a8b04000-7f52ac000000 ---p 00000000 00:00 0 
7f52ace5b000-7f52ace78000 r-xp 00000000 fc:01 4594094                    /usr/lib/R/library/grid/libs/grid.so
7f52ace78000-7f52ad078000 ---p 0001d000 fc:01 4594094                    /usr/lib/R/library/grid/libs/grid.so
7f52ad078000-7f52ad079000 r--p 0001d000 fc:01 4594094                    /usr/lib/R/library/grid/libs/grid.so
7f52ad079000-7f52ad07a000 rw-p 0001e000 fc:01 4594094                    /usr/lib/R/library/grid/libs/grid.so
7f52ad07a000-7f52ad07b000 ---p 00000000 00:00 0 
7f52ad07b000-7f52ad17b000 rw-p 00000000 00:00 0                          [stack:3540]
7f52ad17b000-7f52ad17e000 ---p 00000000 00:00 0 
7f52ad17e000-7f52ad27c000 rw-p 00000000 00:00 0                          [stack:3539]
7f52ad27c000-7f52ad27f000 ---p 00000000 00:00 0 
7f52ad27f000-7f52ae24b000 rw-p 00000000 00:00 0                          [stack:3538]
7f52ae24b000-7f52ae526000 ---p 00000000 00:00 0 
7f52ae526000-7f52b882c000 rw-p 00000000 00:00 0 
7f52b882c000-7f52b8837000 rw-p 00000000 00:00 0 
7f52b8837000-7f52b887f000 rw-p 00000000 00:00 0 
7f52b887f000-7f52b8d49000 rw-p 00000000 00:00 0 
7f52b8d49000-7f52b9024000 ---p 00000000 00:00 0 
7f52b9024000-7f52c3329000 rw-p 00000000 00:00 0 
7f52c3329000-7f52c416e000 rw-p 00000000 00:00 0 
7f52c416e000-7f52c887f000 rw-p 00000000 00:00 0 
7f52c887f000-7f52c9d80000 rw-p 00000000 00:00 0 
7f52c9d80000-7f52d2e80000 rw-p 00000000 00:00 0 
7f52d2e80000-7f536c200000 rw-p 00000000 00:00 0 
7f53dd600000-7f6828380000 rw-p 00000000 00:00 0 
7f6828380000-7f69f0b00000 rw-p 00000000 00:00 0 
7f69f0b00000-7f72d2e80000 rw-p 00000000 00:00 0 
7f72d2eb7000-7f72d3127000 rwxp 00000000 00:00 0 
7f72d3127000-7f72d5eb7000 rw-p 00000000 00:00 0 
7f72d5eb7000-7f72d69dc000 r-xp 00000000 fc:01 13511596                   /usr/lib/jvm/java-7-openjdk-amd64/jre/lib/amd64/server/libjvm.so
7f72d69dc000-7f72d6bdc000 ---p 00b25000 fc:01 13511596                   /usr/lib/jvm/java-7-openjdk-amd64/jre/lib/amd64/server/libjvm.so
7f72d6bdc000-7f72d6c76000 r--p 00b25000 fc:01 13511596                   /usr/lib/jvm/java-7-openjdk-amd64/jre/lib/amd64/server/libjvm.so
7f72d6c76000-7f72d6c99000 rw-p 00bbf000 fc:01 13511596                   /usr/lib/jvm/java-7-openjdk-amd64/jre/lib/amd64/server/libjvm.so
7f72d6c99000-7f72d6cc8000 rw-p 00000000 00:00 0 
7f72d95fd000-7f72d9600000 ---p 00000000 00:00 0 
7f72d9600000-7f72d96fe000 rw-p 00000000 00:00 0                          [stack:3537]
7f72d96fe000-7f72d9701000 ---p 00000000 00:00 0 
7f72d9701000-7f72d97ff000 rw-p 00000000 00:00 0                          [stack:3536]
7f72d97ff000-7f72d9802000 ---p 00000000 00:00 0 
7f72d9802000-7f72d9900000 rw-p 00000000 00:00 0                          [stack:3535]
7f72d9900000-7f72d9903000 ---p 00000000 00:00 0 
7f72d9903000-7f72d9a01000 rw-p 00000000 00:00 0                          [stack:3534]
7f72d9a01000-7f72d9a02000 ---p 00000000 00:00 0 
7f72d9a02000-7f72d9b02000 rw-p 00000000 00:00 0                          [stack:3533]
7f72d9b02000-7f72d9cb4000 r--s 01d32000 fc:01 13511629                   /usr/lib/jvm/java-7-openjdk-amd64/jre/lib/rt.jar
7f72d9cb4000-7f72d9cb5000 ---p 00000000 00:00 0 
7f72d9cb5000-7f72d9db5000 rw-p 00000000 00:00 0                          [stack:3532]
7f72d9db5000-7f72d9db6000 ---p 00000000 00:00 0 
7f72d9db6000-7f72d9eb6000 rw-p 00000000 00:00 0                          [stack:3531]
7f72d9eb6000-7f72d9eb7000 ---p 00000000 00:00 0 
7f72d9eb7000-7f72d9fb7000 rw-p 00000000 00:00 0                          [stack:3530]
7f72d9fb7000-7f72d9fb8000 ---p 00000000 00:00 0 
7f72d9fb8000-7f72da0b8000 rw-p 00000000 00:00 0                          [stack:3529]
7f72da0b8000-7f72da0b9000 ---p 00000000 00:00 0 
7f72da0b9000-7f72da1b9000 rw-p 00000000 00:00 0                          [stack:3528]
7f72da1b9000-7f72da1c1000 r-xp 00000000 fc:01 13511598                   /usr/lib/jvm/java-7-openjdk-amd64/jre/lib/amd64/libzip.so
7f72da1c1000-7f72da3c0000 ---p 00008000 fc:01 13511598                   /usr/lib/jvm/java-7-openjdk-amd64/jre/lib/amd64/libzip.so
7f72da3c0000-7f72da3c1000 r--p 00007000 fc:01 13511598                   /usr/lib/jvm/java-7-openjdk-amd64/jre/lib/amd64/libzip.so
7f72da3c1000-7f72da3c2000 rw-p 00008000 fc:01 13511598                   /usr/lib/jvm/java-7-openjdk-amd64/jre/lib/amd64/libzip.so
7f72da3c2000-7f72da3ed000 r-xp 00000000 fc:01 13511581                   /usr/lib/jvm/java-7-openjdk-amd64/jre/lib/amd64/libjava.so
7f72da3ed000-7f72da5ed000 ---p 0002b000 fc:01 13511581                   /usr/lib/jvm/java-7-openjdk-amd64/jre/lib/amd64/libjava.so
7f72da5ed000-7f72da5ee000 r--p 0002b000 fc:01 13511581                   /usr/lib/jvm/java-7-openjdk-amd64/jre/lib/amd64/libjava.so
7f72da5ee000-7f72da5f0000 rw-p 0002c000 fc:01 13511581                   /usr/lib/jvm/java-7-openjdk-amd64/jre/lib/amd64/libjava.so
7f72db8c8000-7f72db8c9000 ---p 00000000 00:00 0 
7f72db8c9000-7f72db9c9000 rw-p 00000000 00:00 0                          [stack:3527]
7f72db9c9000-7f72db9d9000 r-xp 00000000 fc:01 13511582                   /usr/lib/jvm/java-7-openjdk-amd64/jre/lib/amd64/libverify.so
7f72db9d9000-7f72dbbd8000 ---p 00010000 fc:01 13511582                   /usr/lib/jvm/java-7-openjdk-amd64/jre/lib/amd64/libverify.so
7f72dbbd8000-7f72dbbda000 r--p 0000f000 fc:01 13511582                   /usr/lib/jvm/java-7-openjdk-amd64/jre/lib/amd64/libverify.so
7f72dbbda000-7f72dbbdb000 rw-p 00011000 fc:01 13511582                   /usr/lib/jvm/java-7-openjdk-amd64/jre/lib/amd64/libverify.so
7f72dbbdb000-7f72dbbea000 r-xp 00000000 fc:01 663707                     /home/fredcaram/R/x86_64-pc-linux-gnu-library/3.3/rJava/libs/rJava.so
7f72dbbea000-7f72dbde9000 ---p 0000f000 fc:01 663707                     /home/fredcaram/R/x86_64-pc-linux-gnu-library/3.3/rJava/libs/rJava.so
7f72dbde9000-7f72dbdea000 r--p 0000e000 fc:01 663707                     /home/fredcaram/R/x86_64-pc-linux-gnu-library/3.3/rJava/libs/rJava.so
7f72dbdea000-7f72dbdeb000 rw-p 0000f000 fc:01 663707                     /home/fredcaram/R/x86_64-pc-linux-gnu-library/3.3/rJava/libs/rJava.so
7f72dbdeb000-7f72dbdf2000 r-xp 00000000 fc:01 663678                     /home/fredcaram/R/x86_64-pc-linux-gnu-library/3.3/wordcloud/libs/wordcloud.so
7f72dbdf2000-7f72dbff1000 ---p 00007000 fc:01 663678                     /home/fredcaram/R/x86_64-pc-linux-gnu-library/3.3/wordcloud/libs/wordcloud.so
7f72dbff1000-7f72dbff2000 r--p 00006000 fc:01 663678                     /home/fredcaram/R/x86_64-pc-linux-gnu-library/3.3/wordcloud/libs/wordcloud.so
7f72dbff2000-7f72dbff3000 rw-p 00007000 fc:01 663678                     /home/fredcaram/R/x86_64-pc-linux-gnu-library/3.3/wordcloud/libs/wordcloud.so
7f72dc828000-7f72dc829000 ---p 00000000 00:00 0 
7f72dc829000-7f72dc929000 rw-p 00000000 00:00 0                          [stack:3526]
7f72dc929000-7f72dc974000 r-xp 00000000 fc:01 13379160                   /home/fredcaram/R/x86_64-pc-linux-gnu-library/3.3/Rcpp/libs/Rcpp.so
7f72dc974000-7f72dcb74000 ---p 0004b000 fc:01 13379160                   /home/fredcaram/R/x86_64-pc-linux-gnu-library/3.3/Rcpp/libs/Rcpp.so
7f72dcb74000-7f72dcb75000 r--p 0004b000 fc:01 13379160                   /home/fredcaram/R/x86_64-pc-linux-gnu-library/3.3/Rcpp/libs/Rcpp.so
7f72dcb75000-7f72dcb76000 rw-p 0004c000 fc:01 13379160                   /home/fredcaram/R/x86_64-pc-linux-gnu-library/3.3/Rcpp/libs/Rcpp.so
7f72dcb76000-7f72dcb7d000 rw-p 00000000 00:00 0 
7f72dcb7d000-7f72dcb9b000 r-xp 00000000 fc:01 663634                     /home/fredcaram/R/x86_64-pc-linux-gnu-library/3.3/SnowballC/libs/SnowballC.so
7f72dcb9b000-7f72dcd9b000 ---p 0001e000 fc:01 663634                     /home/fredcaram/R/x86_64-pc-linux-gnu-library/3.3/SnowballC/libs/SnowballC.so
7f72dcd9b000-7f72dcdaa000 r--p 0001e000 fc:01 663634                     /home/fredcaram/R/x86_64-pc-linux-gnu-library/3.3/SnowballC/libs/SnowballC.so
7f72dcdaa000-7f72dcdab000 rw-p 0002d000 fc:01 663634                     /home/fredcaram/R/x86_64-pc-linux-gnu-library/3.3/SnowballC/libs/SnowballC.so
7f72dd40d000-7f72dd488000 r--s 00a14000 fc:01 663846                     /home/fredcaram/R/x86_64-pc-linux-gnu-library/3.3/RWekajars/java/weka.jar
7f72dd488000-7f72dd489000 r-xp 00000000 fc:01 663490                     /home/fredcaram/R/x86_64-pc-linux-gnu-library/3.3/tm/libs/tm.so
7f72dd489000-7f72dd688000 ---p 00001000 fc:01 663490                     /home/fredcaram/R/x86_64-pc-linux-gnu-library/3.3/tm/libs/tm.so
7f72dd688000-7f72dd689000 r--p 00000000 fc:01 663490                     /home/fredcaram/R/x86_64-pc-linux-gnu-library/3.3/tm/libs/tm.so
7f72dd689000-7f72dd68a000 rw-p 00001000 fc:01 663490                     /home/fredcaram/R/x86_64-pc-linux-gnu-library/3.3/tm/libs/tm.so
7f72dd68a000-7f72dd692000 r-xp 00000000 fc:01 663465                     /home/fredcaram/R/x86_64-pc-linux-gnu-library/3.3/slam/libs/slam.so
7f72dd692000-7f72dd891000 ---p 00008000 fc:01 663465                     /home/fredcaram/R/x86_64-pc-linux-gnu-library/3.3/slam/libs/slam.so
7f72dd891000-7f72dd892000 r--p 00007000 fc:01 663465                     /home/fredcaram/R/x86_64-pc-linux-gnu-library/3.3/slam/libs/slam.so
7f72dd892000-7f72dd893000 rw-p 00008000 fc:01 663465                     /home/fredcaram/R/x86_64-pc-linux-gnu-library/3.3/slam/libs/slam.so
7f72dd893000-7f72dd898000 r-xp 00000000 fc:01 4594503                    /usr/lib/R/library/parallel/libs/parallel.so
7f72dd898000-7f72dda97000 ---p 00005000 fc:01 4594503                    /usr/lib/R/library/parallel/libs/parallel.so
7f72dda97000-7f72dda98000 r--p 00004000 fc:01 4594503                    /usr/lib/R/library/parallel/libs/parallel.so
7f72dda98000-7f72dda99000 rw-p 00005000 fc:01 4594503                    /usr/lib/R/library/parallel/libs/parallel.so
7f72dda99000-7f72ddaa4000 r-xp 00000000 fc:01 4195467                    /lib/x86_64-linux-gnu/libnss_files-2.19.so
7f72ddaa4000-7f72ddca3000 ---p 0000b000 fc:01 4195467                    /lib/x86_64-linux-gnu/libnss_files-2.19.so
7f72ddca3000-7f72ddca4000 r--p 0000a000 fc:01 4195467                    /lib/x86_64-linux-gnu/libnss_files-2.19.so
7f72ddca4000-7f72ddca5000 rw-p 0000b000 fc:01 4195467                    /lib/x86_64-linux-gnu/libnss_files-2.19.so
7f72ddca5000-7f72ddcb0000 r-xp 00000000 fc:01 4195430                    /lib/x86_64-linux-gnu/libnss_nis-2.19.so
7f72ddcb0000-7f72ddeaf000 ---p 0000b000 fc:01 4195430                    /lib/x86_64-linux-gnu/libnss_nis-2.19.so
7f72ddeaf000-7f72ddeb0000 r--p 0000a000 fc:01 4195430                    /lib/x86_64-linux-gnu/libnss_nis-2.19.so
7f72ddeb0000-7f72ddeb1000 rw-p 0000b000 fc:01 4195430                    /lib/x86_64-linux-gnu/libnss_nis-2.19.so
7f72ddeb1000-7f72ddec8000 r-xp 00000000 fc:01 4195420                    /lib/x86_64-linux-gnu/libnsl-2.19.so
7f72ddec8000-7f72de0c7000 ---p 00017000 fc:01 4195420                    /lib/x86_64-linux-gnu/libnsl-2.19.so
7f72de0c7000-7f72de0c8000 r--p 00016000 fc:01 4195420                    /lib/x86_64-linux-gnu/libnsl-2.19.so
7f72de0c8000-7f72de0c9000 rw-p 00017000 fc:01 4195420                    /lib/x86_64-linux-gnu/libnsl-2.19.so
7f72de0c9000-7f72de0cb000 rw-p 00000000 00:00 0 
7f72de0cb000-7f72de0d4000 r-xp 00000000 fc:01 4195414                    /lib/x86_64-linux-gnu/libnss_compat-2.19.so
7f72de0d4000-7f72de2d3000 ---p 00009000 fc:01 4195414                    /lib/x86_64-linux-gnu/libnss_compat-2.19.so
7f72de2d3000-7f72de2d4000 r--p 00008000 fc:01 4195414                    /lib/x86_64-linux-gnu/libnss_compat-2.19.so
7f72de2d4000-7f72de2d5000 rw-p 00009000 fc:01 4195414                    /lib/x86_64-linux-gnu/libnss_compat-2.19.so
7f72de2d5000-7f72de2de000 r-xp 00000000 fc:01 4195408                    /lib/x86_64-linux-gnu/libcrypt-2.19.so
7f72de2de000-7f72de4de000 ---p 00009000 fc:01 4195408                    /lib/x86_64-linux-gnu/libcrypt-2.19.so
7f72de4de000-7f72de4df000 r--p 00009000 fc:01 4195408                    /lib/x86_64-linux-gnu/libcrypt-2.19.so
7f72de4df000-7f72de4e0000 rw-p 0000a000 fc:01 4195408                    /lib/x86_64-linux-gnu/libcrypt-2.19.so
7f72de4e0000-7f72de50e000 rw-p 00000000 00:00 0 
7f72de50e000-7f72de5c2000 r-xp 00000000 fc:01 13378252                   /usr/lib/x86_64-linux-gnu/libsqlite3.so.0.8.6
7f72de5c2000-7f72de7c2000 ---p 000b4000 fc:01 13378252                   /usr/lib/x86_64-linux-gnu/libsqlite3.so.0.8.6
7f72de7c2000-7f72de7c4000 r--p 000b4000 fc:01 13378252                   /usr/lib/x86_64-linux-gnu/libsqlite3.so.0.8.6
7f72de7c4000-7f72de7c6000 rw-p 000b6000 fc:01 13378252                   /usr/lib/x86_64-linux-gnu/libsqlite3.so.0.8.6
7f72de7c6000-7f72de7c7000 rw-p 00000000 00:00 0 
7f72de7c7000-7f72de80c000 r-xp 00000000 fc:01 13377858                   /usr/lib/x86_64-linux-gnu/libhx509.so.5.0.0
7f72de80c000-7f72dea0b000 ---p 00045000 fc:01 13377858                   /usr/lib/x86_64-linux-gnu/libhx509.so.5.0.0
7f72dea0b000-7f72dea0d000 r--p 00044000 fc:01 13377858                   /usr/lib/x86_64-linux-gnu/libhx509.so.5.0.0
7f72dea0d000-7f72dea0f000 rw-p 00046000 fc:01 13377858                   /usr/lib/x86_64-linux-gnu/libhx509.so.5.0.0
7f72dea0f000-7f72dea10000 rw-p 00000000 00:00 0 
7f72dea10000-7f72dea1d000 r-xp 00000000 fc:01 13377850                   /usr/lib/x86_64-linux-gnu/libheimbase.so.1.0.0
7f72dea1d000-7f72dec1c000 ---p 0000d000 fc:01 13377850                   /usr/lib/x86_64-linux-gnu/libheimbase.so.1.0.0
7f72dec1c000-7f72dec1d000 r--p 0000c000 fc:01 13377850                   /usr/lib/x86_64-linux-gnu/libheimbase.so.1.0.0
7f72dec1d000-7f72dec1e000 rw-p 0000d000 fc:01 13377850                   /usr/lib/x86_64-linux-gnu/libheimbase.so.1.0.0
7f72dec1e000-7f72dec45000 r-xp 00000000 fc:01 13378375                   /usr/lib/x86_64-linux-gnu/libwind.so.0.0.0
7f72dec45000-7f72dee45000 ---p 00027000 fc:01 13378375                   /usr/lib/x86_64-linux-gnu/libwind.so.0.0.0
7f72dee45000-7f72dee46000 r--p 00027000 fc:01 13378375                   /usr/lib/x86_64-linux-gnu/libwind.so.0.0.0
7f72dee46000-7f72dee47000 rw-p 00028000 fc:01 13378375                   /usr/lib/x86_64-linux-gnu/libwind.so.0.0.0
7f72dee47000-7f72dee4e000 r-xp 00000000 fc:01 13373272                   /usr/lib/x86_64-linux-gnu/libffi.so.6.0.1
7f72dee4e000-7f72df04d000 ---p 00007000 fc:01 13373272                   /usr/lib/x86_64-linux-gnu/libffi.so.6.0.1
7f72df04d000-7f72df04e000 r--p 00006000 fc:01 13373272                   /usr/lib/x86_64-linux-gnu/libffi.so.6.0.1
7f72df04e000-7f72df04f000 rw-p 00007000 fc:01 13373272                   /usr/lib/x86_64-linux-gnu/libffi.so.6.0.1
7f72df04f000-7f72df063000 r-xp 00000000 fc:01 13378179                   /usr/lib/x86_64-linux-gnu/libroken.so.18.1.0
7f72df063000-7f72df262000 ---p 00014000 fc:01 13378179                   /usr/lib/x86_64-linux-gnu/libroken.so.18.1.0
7f72df262000-7f72df263000 r--p 00013000 fc:01 13378179                   /usr/lib/x86_64-linux-gnu/libroken.so.18.1.0
7f72df263000-7f72df264000 rw-p 00014000 fc:01 13378179                   /usr/lib/x86_64-linux-gnu/libroken.so.18.1.0
7f72df264000-7f72df294000 r-xp 00000000 fc:01 13377846                   /usr/lib/x86_64-linux-gnu/libhcrypto.so.4.1.0
7f72df294000-7f72df494000 ---p 00030000 fc:01 13377846                   /usr/lib/x86_64-linux-gnu/libhcrypto.so.4.1.0
7f72df494000-7f72df495000 r--p 00030000 fc:01 13377846                   /usr/lib/x86_64-linux-gnu/libhcrypto.so.4.1.0
7f72df495000-7f72df496000 rw-p 00031000 fc:01 13377846                   /usr/lib/x86_64-linux-gnu/libhcrypto.so.4.1.0
7f72df496000-7f72df497000 rw-p 00000000 00:00 0 
7f72df497000-7f72df534000 r-xp 00000000 fc:01 13377287                   /usr/lib/x86_64-linux-gnu/libasn1.so.8.0.0
7f72df534000-7f72df734000 ---p 0009d000 fc:01 13377287                   /usr/lib/x86_64-linux-gnu/libasn1.so.8.0.0
7f72df734000-7f72df735000 r--p 0009d000 fc:01 13377287                   /usr/lib/x86_64-linux-gnu/libasn1.so.8.0.0
7f72df735000-7f72df738000 rw-p 0009e000 fc:01 13377287                   /usr/lib/x86_64-linux-gnu/libasn1.so.8.0.0
7f72df738000-7f72df7ba000 r-xp 00000000 fc:01 13377919                   /usr/lib/x86_64-linux-gnu/libkrb5.so.26.0.0
7f72df7ba000-7f72df9b9000 ---p 00082000 fc:01 13377919                   /usr/lib/x86_64-linux-gnu/libkrb5.so.26.0.0
7f72df9b9000-7f72df9bc000 r--p 00081000 fc:01 13377919                   /usr/lib/x86_64-linux-gnu/libkrb5.so.26.0.0
7f72df9bc000-7f72df9bf000 rw-p 00084000 fc:01 13377919                   /usr/lib/x86_64-linux-gnu/libkrb5.so.26.0.0
7f72df9bf000-7f72df9c0000 rw-p 00000000 00:00 0 
7f72df9c0000-7f72df9c8000 r-xp 00000000 fc:01 13377852                   /usr/lib/x86_64-linux-gnu/libheimntlm.so.0.1.0
7f72df9c8000-7f72dfbc7000 ---p 00008000 fc:01 13377852                   /usr/lib/x86_64-linux-gnu/libheimntlm.so.0.1.0
7f72dfbc7000-7f72dfbc8000 r--p 00007000 fc:01 13377852                   /usr/lib/x86_64-linux-gnu/libheimntlm.so.0.1.0
7f72dfbc8000-7f72dfbc9000 rw-p 00008000 fc:01 13377852                   /usr/lib/x86_64-linux-gnu/libheimntlm.so.0.1.0
7f72dfbc9000-7f72dfbcb000 r-xp 00000000 fc:01 4198677                    /lib/x86_64-linux-gnu/libkeyutils.so.1.4
7f72dfbcb000-7f72dfdcb000 ---p 00002000 fc:01 4198677                    /lib/x86_64-linux-gnu/libkeyutils.so.1.4
7f72dfdcb000-7f72dfdcc000 r--p 00002000 fc:01 4198677                    /lib/x86_64-linux-gnu/libkeyutils.so.1.4
7f72dfdcc000-7f72dfdcd000 rw-p 00003000 fc:01 4198677                    /lib/x86_64-linux-gnu/libkeyutils.so.1.4
7f72dfdcd000-7f72dfdd1000 r-xp 00000000 fc:01 4198667                    /lib/x86_64-linux-gnu/libgpg-error.so.0.10.0
7f72dfdd1000-7f72dffd0000 ---p 00004000 fc:01 4198667                    /lib/x86_64-linux-gnu/libgpg-error.so.0.10.0
7f72dffd0000-7f72dffd1000 r--p 00003000 fc:01 4198667                    /lib/x86_64-linux-gnu/libgpg-error.so.0.10.0
7f72dffd1000-7f72dffd2000 rw-p 00004000 fc:01 4198667                    /lib/x86_64-linux-gnu/libgpg-error.so.0.10.0
7f72dffd2000-7f72e000d000 r-xp 00000000 fc:01 13378087                   /usr/lib/x86_64-linux-gnu/libp11-kit.so.0.0.0
7f72e000d000-7f72e020c000 ---p 0003b000 fc:01 13378087                   /usr/lib/x86_64-linux-gnu/libp11-kit.so.0.0.0
7f72e020c000-7f72e0212000 r--p 0003a000 fc:01 13378087                   /usr/lib/x86_64-linux-gnu/libp11-kit.so.0.0.0
7f72e0212000-7f72e0214000 rw-p 00040000 fc:01 13378087                   /usr/lib/x86_64-linux-gnu/libp11-kit.so.0.0.0
7f72e0214000-7f72e0226000 r-xp 00000000 fc:01 13369569                   /usr/lib/x86_64-linux-gnu/libtasn1.so.6.2.0
7f72e0226000-7f72e0426000 ---p 00012000 fc:01 13369569                   /usr/lib/x86_64-linux-gnu/libtasn1.so.6.2.0
7f72e0426000-7f72e0427000 r--p 00012000 fc:01 13369569                   /usr/lib/x86_64-linux-gnu/libtasn1.so.6.2.0
7f72e0427000-7f72e0428000 rw-p 00013000 fc:01 13369569                   /usr/lib/x86_64-linux-gnu/libtasn1.so.6.2.0
7f72e0428000-7f72e0462000 r-xp 00000000 fc:01 13377719                   /usr/lib/x86_64-linux-gnu/libgssapi.so.3.0.0
7f72e0462000-7f72e0662000 ---p 0003a000 fc:01 13377719                   /usr/lib/x86_64-linux-gnu/libgssapi.so.3.0.0
7f72e0662000-7f72e0663000 r--p 0003a000 fc:01 13377719                   /usr/lib/x86_64-linux-gnu/libgssapi.so.3.0.0
7f72e0663000-7f72e0665000 rw-p 0003b000 fc:01 13377719                   /usr/lib/x86_64-linux-gnu/libgssapi.so.3.0.0
7f72e0665000-7f72e0666000 rw-p 00000000 00:00 0 
7f72e0666000-7f72e067f000 r-xp 00000000 fc:01 13378203                   /usr/lib/x86_64-linux-gnu/libsasl2.so.2.0.25
7f72e067f000-7f72e087f000 ---p 00019000 fc:01 13378203                   /usr/lib/x86_64-linux-gnu/libsasl2.so.2.0.25
7f72e087f000-7f72e0880000 r--p 00019000 fc:01 13378203                   /usr/lib/x86_64-linux-gnu/libsasl2.so.2.0.25
7f72e0880000-7f72e0881000 rw-p 0001a000 fc:01 13378203                   /usr/lib/x86_64-linux-gnu/libsasl2.so.2.0.25
7f72e0881000-7f72e0898000 r-xp 00000000 fc:01 4194333                    /lib/x86_64-linux-gnu/libresolv-2.19.so
7f72e0898000-7f72e0a98000 ---p 00017000 fc:01 4194333                    /lib/x86_64-linux-gnu/libresolv-2.19.so
7f72e0a98000-7f72e0a99000 r--p 00017000 fc:01 4194333                    /lib/x86_64-linux-gnu/libresolv-2.19.so
7f72e0a99000-7f72e0a9a000 rw-p 00018000 fc:01 4194333                    /lib/x86_64-linux-gnu/libresolv-2.19.so
7f72e0a9a000-7f72e0a9c000 rw-p 00000000 00:00 0 
7f72e0a9c000-7f72e0aa6000 r-xp 00000000 fc:01 13371005                   /usr/lib/x86_64-linux-gnu/libkrb5support.so.0.1
7f72e0aa6000-7f72e0ca5000 ---p 0000a000 fc:01 13371005                   /usr/lib/x86_64-linux-gnu/libkrb5support.so.0.1
7f72e0ca5000-7f72e0ca6000 r--p 00009000 fc:01 13371005                   /usr/lib/x86_64-linux-gnu/libkrb5support.so.0.1
7f72e0ca6000-7f72e0ca7000 rw-p 0000a000 fc:01 13371005                   /usr/lib/x86_64-linux-gnu/libkrb5support.so.0.1
7f72e0ca7000-7f72e0caa000 r-xp 00000000 fc:01 4198643                    /lib/x86_64-linux-gnu/libcom_err.so.2.1
7f72e0caa000-7f72e0ea9000 ---p 00003000 fc:01 4198643                    /lib/x86_64-linux-gnu/libcom_err.so.2.1
7f72e0ea9000-7f72e0eaa000 r--p 00002000 fc:01 4198643                    /lib/x86_64-linux-gnu/libcom_err.so.2.1
7f72e0eaa000-7f72e0eab000 rw-p 00003000 fc:01 4198643                    /lib/x86_64-linux-gnu/libcom_err.so.2.1
7f72e0eab000-7f72e0ed7000 r-xp 00000000 fc:01 13370973                   /usr/lib/x86_64-linux-gnu/libk5crypto.so.3.1
7f72e0ed7000-7f72e10d6000 ---p 0002c000 fc:01 13370973                   /usr/lib/x86_64-linux-gnu/libk5crypto.so.3.1
7f72e10d6000-7f72e10d8000 r--p 0002b000 fc:01 13370973                   /usr/lib/x86_64-linux-gnu/libk5crypto.so.3.1
7f72e10d8000-7f72e10d9000 rw-p 0002d000 fc:01 13370973                   /usr/lib/x86_64-linux-gnu/libk5crypto.so.3.1
7f72e10d9000-7f72e10da000 rw-p 00000000 00:00 0 
7f72e10da000-7f72e1196000 r-xp 00000000 fc:01 13371031                   /usr/lib/x86_64-linux-gnu/libkrb5.so.3.3
7f72e1196000-7f72e1396000 ---p 000bc000 fc:01 13371031                   /usr/lib/x86_64-linux-gnu/libkrb5.so.3.3
7f72e1396000-7f72e13a3000 r--p 000bc000 fc:01 13371031                   /usr/lib/x86_64-linux-gnu/libkrb5.so.3.3
7f72e13a3000-7f72e13a5000 rw-p 000c9000 fc:01 13371031                   /usr/lib/x86_64-linux-gnu/libkrb5.so.3.3
7f72e13a5000-7f72e1421000 r-xp 00000000 fc:01 4195440                    /lib/x86_64-linux-gnu/libgcrypt.so.11.8.2
7f72e1421000-7f72e1621000 ---p 0007c000 fc:01 4195440                    /lib/x86_64-linux-gnu/libgcrypt.so.11.8.2
7f72e1621000-7f72e1622000 r--p 0007c000 fc:01 4195440                    /lib/x86_64-linux-gnu/libgcrypt.so.11.8.2
7f72e1622000-7f72e1625000 rw-p 0007d000 fc:01 4195440                    /lib/x86_64-linux-gnu/libgcrypt.so.11.8.2
7f72e1625000-7f72e16dc000 r-xp 00000000 fc:01 13370236                   /usr/lib/x86_64-linux-gnu/libgnutls.so.26.22.6
7f72e16dc000-7f72e18db000 ---p 000b7000 fc:01 13370236                   /usr/lib/x86_64-linux-gnu/libgnutls.so.26.22.6
7f72e18db000-7f72e18e1000 r--p 000b6000 fc:01 13370236                   /usr/lib/x86_64-linux-gnu/libgnutls.so.26.22.6
7f72e18e1000-7f72e18e2000 rw-p 000bc000 fc:01 13370236                   /usr/lib/x86_64-linux-gnu/libgnutls.so.26.22.6
7f72e18e2000-7f72e18e3000 rw-p 00000000 00:00 0 
7f72e18e3000-7f72e1930000 r-xp 00000000 fc:01 13377931                   /usr/lib/x86_64-linux-gnu/libldap_r-2.4.so.2.8.3
7f72e1930000-7f72e1b2f000 ---p 0004d000 fc:01 13377931                   /usr/lib/x86_64-linux-gnu/libldap_r-2.4.so.2.8.3
7f72e1b2f000-7f72e1b31000 r--p 0004c000 fc:01 13377931                   /usr/lib/x86_64-linux-gnu/libldap_r-2.4.so.2.8.3
7f72e1b31000-7f72e1b32000 rw-p 0004e000 fc:01 13377931                   /usr/lib/x86_64-linux-gnu/libldap_r-2.4.so.2.8.3
7f72e1b32000-7f72e1b34000 rw-p 00000000 00:00 0 
7f72e1b34000-7f72e1b41000 r-xp 00000000 fc:01 13377926                   /usr/lib/x86_64-linux-gnu/liblber-2.4.so.2.8.3
7f72e1b41000-7f72e1d41000 ---p 0000d000 fc:01 13377926                   /usr/lib/x86_64-linux-gnu/liblber-2.4.so.2.8.3
7f72e1d41000-7f72e1d42000 r--p 0000d000 fc:01 13377926                   /usr/lib/x86_64-linux-gnu/liblber-2.4.so.2.8.3
7f72e1d42000-7f72e1d43000 rw-p 0000e000 fc:01 13377926                   /usr/lib/x86_64-linux-gnu/liblber-2.4.so.2.8.3
7f72e1d43000-7f72e1d87000 r-xp 00000000 fc:01 13371035                   /usr/lib/x86_64-linux-gnu/libgssapi_krb5.so.2.2
7f72e1d87000-7f72e1f87000 ---p 00044000 fc:01 13371035                   /usr/lib/x86_64-linux-gnu/libgssapi_krb5.so.2.2
7f72e1f87000-7f72e1f88000 r--p 00044000 fc:01 13371035                   /usr/lib/x86_64-linux-gnu/libgssapi_krb5.so.2.2
7f72e1f88000-7f72e1f8a000 rw-p 00045000 fc:01 13371035                   /usr/lib/x86_64-linux-gnu/libgssapi_krb5.so.2.2
7f72e1f8a000-7f72e213d000 r-xp 00000000 fc:01 4194586                    /lib/x86_64-linux-gnu/libcrypto.so.1.0.0
7f72e213d000-7f72e233c000 ---p 001b3000 fc:01 4194586                    /lib/x86_64-linux-gnu/libcrypto.so.1.0.0
7f72e233c000-7f72e2357000 r--p 001b2000 fc:01 4194586                    /lib/x86_64-linux-gnu/libcrypto.so.1.0.0
7f72e2357000-7f72e2362000 rw-p 001cd000 fc:01 4194586                    /lib/x86_64-linux-gnu/libcrypto.so.1.0.0
7f72e2362000-7f72e2366000 rw-p 00000000 00:00 0 
7f72e2366000-7f72e23bb000 r-xp 00000000 fc:01 4194587                    /lib/x86_64-linux-gnu/libssl.so.1.0.0
7f72e23bb000-7f72e25bb000 ---p 00055000 fc:01 4194587                    /lib/x86_64-linux-gnu/libssl.so.1.0.0
7f72e25bb000-7f72e25be000 r--p 00055000 fc:01 4194587                    /lib/x86_64-linux-gnu/libssl.so.1.0.0
7f72e25be000-7f72e25c5000 rw-p 00058000 fc:01 4194587                    /lib/x86_64-linux-gnu/libssl.so.1.0.0
7f72e25c5000-7f72e25de000 r-xp 00000000 fc:01 13378186                   /usr/lib/x86_64-linux-gnu/librtmp.so.0
7f72e25de000-7f72e27dd000 ---p 00019000 fc:01 13378186                   /usr/lib/x86_64-linux-gnu/librtmp.so.0
7f72e27dd000-7f72e27de000 r--p 00018000 fc:01 13378186                   /usr/lib/x86_64-linux-gnu/librtmp.so.0
7f72e27de000-7f72e27df000 rw-p 00019000 fc:01 13378186                   /usr/lib/x86_64-linux-gnu/librtmp.so.0
7f72e27df000-7f72e2810000 r-xp 00000000 fc:01 13377878                   /usr/lib/x86_64-linux-gnu/libidn.so.11.6.11
7f72e2810000-7f72e2a10000 ---p 00031000 fc:01 13377878                   /usr/lib/x86_64-linux-gnu/libidn.so.11.6.11
7f72e2a10000-7f72e2a11000 r--p 00031000 fc:01 13377878                   /usr/lib/x86_64-linux-gnu/libidn.so.11.6.11
7f72e2a11000-7f72e2a12000 rw-p 00032000 fc:01 13377878                   /usr/lib/x86_64-linux-gnu/libidn.so.11.6.11
7f72e2a12000-7f72e2a76000 r-xp 00000000 fc:01 13369506                   /usr/lib/x86_64-linux-gnu/libcurl.so.4.3.0
7f72e2a76000-7f72e2c76000 ---p 00064000 fc:01 13369506                   /usr/lib/x86_64-linux-gnu/libcurl.so.4.3.0
7f72e2c76000-7f72e2c78000 r--p 00064000 fc:01 13369506                   /usr/lib/x86_64-linux-gnu/libcurl.so.4.3.0
7f72e2c78000-7f72e2c79000 rw-p 00066000 fc:01 13369506                   /usr/lib/x86_64-linux-gnu/libcurl.so.4.3.0
7f72e2c79000-7f72e2c8b000 r-xp 00000000 fc:01 13377454                   /usr/lib/R/modules/internet.so
7f72e2c8b000-7f72e2e8b000 ---p 00012000 fc:01 13377454                   /usr/lib/R/modules/internet.so
7f72e2e8b000-7f72e2e8c000 r--p 00012000 fc:01 13377454                   /usr/lib/R/modules/internet.so
7f72e2e8c000-7f72e2e8d000 rw-p 00013000 fc:01 13377454                   /usr/lib/R/modules/internet.so
7f72e2e8d000-7f72e2f97000 rw-p 00000000 00:00 0 
7f72e2f97000-7f72e2fab000 r-xp 00000000 fc:01 4722006                    /usr/lib/R/library/tools/libs/tools.so
7f72e2fab000-7f72e31ab000 ---p 00014000 fc:01 4722006                    /usr/lib/R/library/tools/libs/tools.so
7f72e31ab000-7f72e31ac000 r--p 00014000 fc:01 4722006                    /usr/lib/R/library/tools/libs/tools.so
7f72e31ac000-7f72e31ad000 rw-p 00015000 fc:01 4722006                    /usr/lib/R/library/tools/libs/tools.so
7f72e31ad000-7f72e3d83000 r-xp 00000000 fc:01 3543711                    /usr/lib/rstudio/bin/rsclang/libclang.so
7f72e3d83000-7f72e3f82000 ---p 00bd6000 fc:01 3543711                    /usr/lib/rstudio/bin/rsclang/libclang.so
7f72e3f82000-7f72e3ffc000 r--p 00bd5000 fc:01 3543711                    /usr/lib/rstudio/bin/rsclang/libclang.so
7f72e3ffc000-7f72e3ffd000 rw-p 00c4f000 fc:01 3543711                    /usr/lib/rstudio/bin/rsclang/libclang.so
7f72e3ffd000-7f72e4000000 rw-p 00000000 00:00 0 
7f72e4000000-7f72e4021000 rw-p 00000000 00:00 0 
7f72e4021000-7f72e8000000 ---p 00000000 00:00 0 
7f72e8000000-7f72e8021000 rw-p 00000000 00:00 0 
7f72e8021000-7f72ec000000 ---p 00000000 00:00 0 
7f72ec000000-7f72ec021000 rw-p 00000000 00:00 0 
7f72ec021000-7f72f0000000 ---p 00000000 00:00 0 
7f72f0000000-7f72f0021000 rw-p 00000000 00:00 0 
7f72f0021000-7f72f4000000 ---p 00000000 00:00 0 
7f72f4000000-7f72f403e000 rw-p 00000000 00:00 0 
7f72f403e000-7f72f8000000 ---p 00000000 00:00 0 
7f72f800b000-7f72f800c000 ---p 00000000 00:00 0 
7f72f800c000-7f72f8116000 rw-p 00000000 00:00 0                          [stack:3525]
7f72f8116000-7f72f81cc000 rw-p 00000000 00:00 0 
7f72f81cc000-7f72f8322000 rw-p 00000000 00:00 0 
7f72f8322000-7f72f834b000 r-xp 00000000 fc:01 13377495                   /usr/lib/x86_64-linux-gnu/libedit.so.2.0.47
7f72f834b000-7f72f854b000 ---p 00029000 fc:01 13377495                   /usr/lib/x86_64-linux-gnu/libedit.so.2.0.47
7f72f854b000-7f72f854d000 r--p 00029000 fc:01 13377495                   /usr/lib/x86_64-linux-gnu/libedit.so.2.0.47
7f72f854d000-7f72f854e000 rw-p 0002b000 fc:01 13377495                   /usr/lib/x86_64-linux-gnu/libedit.so.2.0.47
7f72f854e000-7f72f8552000 rw-p 00000000 00:00 0 
7f72f8552000-7f72f8553000 ---p 00000000 00:00 0 
7f72f8553000-7f72f8d53000 rw-p 00000000 00:00 0                          [stack:3446]
7f72f8d53000-7f72f8d54000 ---p 00000000 00:00 0 
7f72f8d54000-7f72f9554000 rw-p 00000000 00:00 0                          [stack:3445]
7f72f9554000-7f72f958f000 r-xp 00000000 fc:01 13373288                   /usr/lib/x86_64-linux-gnu/libquadmath.so.0.0.0
7f72f958f000-7f72f978e000 ---p 0003b000 fc:01 13373288                   /usr/lib/x86_64-linux-gnu/libquadmath.so.0.0.0
7f72f978e000-7f72f978f000 r--p 0003a000 fc:01 13373288                   /usr/lib/x86_64-linux-gnu/libquadmath.so.0.0.0
7f72f978f000-7f72f9790000 rw-p 0003b000 fc:01 13373288                   /usr/lib/x86_64-linux-gnu/libquadmath.so.0.0.0
7f72f9790000-7f72f98a7000 r-xp 00000000 fc:01 13373280                   /usr/lib/x86_64-linux-gnu/libgfortran.so.3.0.0
7f72f98a7000-7f72f9aa7000 ---p 00117000 fc:01 13373280                   /usr/lib/x86_64-linux-gnu/libgfortran.so.3.0.0
7f72f9aa7000-7f72f9aa8000 r--p 00117000 fc:01 13373280                   /usr/lib/x86_64-linux-gnu/libgfortran.so.3.0.0
7f72f9aa8000-7f72f9aaa000 rw-p 00118000 fc:01 13373280                   /usr/lib/x86_64-linux-gnu/libgfortran.so.3.0.0
7f72f9aaa000-7f72fa042000 r-xp 00000000 fc:01 13375701                   /usr/lib/lapack/liblapack.so.3.0
7f72fa042000-7f72fa241000 ---p 00598000 fc:01 13375701                   /usr/lib/lapack/liblapack.so.3.0
7f72fa241000-7f72fa242000 r--p 00597000 fc:01 13375701                   /usr/lib/lapack/liblapack.so.3.0
7f72fa242000-7f72fa246000 rw-p 00598000 fc:01 13375701                   /usr/lib/lapack/liblapack.so.3.0
7f72fa246000-7f72fa2e8000 r-xp 00000000 fc:01 4594267                    /usr/lib/R/library/stats/libs/stats.so
7f72fa2e8000-7f72fa4e7000 ---p 000a2000 fc:01 4594267                    /usr/lib/R/library/stats/libs/stats.so
7f72fa4e7000-7f72fa4e9000 r--p 000a1000 fc:01 4594267                    /usr/lib/R/library/stats/libs/stats.so
7f72fa4e9000-7f72fa4ea000 rw-p 000a3000 fc:01 4594267                    /usr/lib/R/library/stats/libs/stats.so
7f72fa4ea000-7f72fa4eb000 rw-p 00000000 00:00 0 
7f72fa4eb000-7f72fa51f000 r-xp 00000000 fc:01 4722037                    /usr/lib/R/library/grDevices/libs/grDevices.so
7f72fa51f000-7f72fa71e000 ---p 00034000 fc:01 4722037                    /usr/lib/R/library/grDevices/libs/grDevices.so
7f72fa71e000-7f72fa723000 r--p 00033000 fc:01 4722037                    /usr/lib/R/library/grDevices/libs/grDevices.so
7f72fa723000-7f72fa725000 rw-p 00038000 fc:01 4722037                    /usr/lib/R/library/grDevices/libs/grDevices.so
7f72fa725000-7f72fa74e000 rw-p 00000000 00:00 0 
7f72fa74e000-7f72fa758000 r-xp 00000000 fc:01 4722444                    /usr/lib/R/library/utils/libs/utils.so
7f72fa758000-7f72fa957000 ---p 0000a000 fc:01 4722444                    /usr/lib/R/library/utils/libs/utils.so
7f72fa957000-7f72fa958000 r--p 00009000 fc:01 4722444                    /usr/lib/R/library/utils/libs/utils.so
7f72fa958000-7f72fa959000 rw-p 0000a000 fc:01 4722444                    /usr/lib/R/library/utils/libs/utils.so
7f72fa959000-7f72fa95a000 rw-p 00000000 00:00 0 
7f72fa9b7000-7f72fa9f4000 r-xp 00000000 fc:01 4722226                    /usr/lib/R/library/graphics/libs/graphics.so
7f72fa9f4000-7f72fabf4000 ---p 0003d000 fc:01 4722226                    /usr/lib/R/library/graphics/libs/graphics.so
7f72fabf4000-7f72fabf5000 r--p 0003d000 fc:01 4722226                    /usr/lib/R/library/graphics/libs/graphics.so
7f72fabf5000-7f72fabf6000 rw-p 0003e000 fc:01 4722226                    /usr/lib/R/library/graphics/libs/graphics.so
7f72fabf6000-7f72faca2000 rw-p 00000000 00:00 0 
7f72faca2000-7f72faca4000 r-xp 00000000 fc:01 13901866                   /usr/lib/x86_64-linux-gnu/gconv/ISO8859-1.so
7f72faca4000-7f72faea3000 ---p 00002000 fc:01 13901866                   /usr/lib/x86_64-linux-gnu/gconv/ISO8859-1.so
7f72faea3000-7f72faea4000 r--p 00001000 fc:01 13901866                   /usr/lib/x86_64-linux-gnu/gconv/ISO8859-1.so
7f72faea4000-7f72faea5000 rw-p 00002000 fc:01 13901866                   /usr/lib/x86_64-linux-gnu/gconv/ISO8859-1.so
7f72faea5000-7f72faf9e000 rw-p 00000000 00:00 0 
7f72faf9e000-7f72fafa6000 r-xp 00000000 fc:01 4463683                    /usr/lib/R/library/methods/libs/methods.so
7f72fafa6000-7f72fb1a5000 ---p 00008000 fc:01 4463683                    /usr/lib/R/library/methods/libs/methods.so
7f72fb1a5000-7f72fb1a6000 r--p 00007000 fc:01 4463683                    /usr/lib/R/library/methods/libs/methods.so
7f72fb1a6000-7f72fb1a7000 rw-p 00008000 fc:01 4463683                    /usr/lib/R/library/methods/libs/methods.so
7f72fb1a7000-7f72fb32e000 rw-p 00000000 00:00 0 
7f72fb32e000-7f72fb32f000 ---p 00000000 00:00 0 
7f72fb32f000-7f72fbb2f000 rw-p 00000000 00:00 0                          [stack:3444]
7f72fbb2f000-7f72fbb30000 ---p 00000000 00:00 0 
7f72fbb30000-7f72fc330000 rw-p 00000000 00:00 0                          [stack:3443]
7f72fc330000-7f72fc331000 ---p 00000000 00:00 0 
7f72fc331000-7f72fcb31000 rw-p 00000000 00:00 0                          [stack:3442]
7f72fcb31000-7f72fcdfb000 r--p 00000000 fc:01 13375823                   /usr/lib/locale/locale-archive
7f72fcdfb000-7f72fce20000 r-xp 00000000 fc:01 4198781                    /lib/x86_64-linux-gnu/libtinfo.so.5.9
7f72fce20000-7f72fd01f000 ---p 00025000 fc:01 4198781                    /lib/x86_64-linux-gnu/libtinfo.so.5.9
7f72fd01f000-7f72fd023000 r--p 00024000 fc:01 4198781                    /lib/x86_64-linux-gnu/libtinfo.so.5.9
7f72fd023000-7f72fd024000 rw-p 00028000 fc:01 4198781                    /lib/x86_64-linux-gnu/libtinfo.so.5.9
7f72fd024000-7f72fd031000 r-xp 00000000 fc:01 13373278                   /usr/lib/x86_64-linux-gnu/libgomp.so.1.0.0
7f72fd031000-7f72fd231000 ---p 0000d000 fc:01 13373278                   /usr/lib/x86_64-linux-gnu/libgomp.so.1.0.0
7f72fd231000-7f72fd232000 r--p 0000d000 fc:01 13373278                   /usr/lib/x86_64-linux-gnu/libgomp.so.1.0.0
7f72fd232000-7f72fd233000 rw-p 0000e000 fc:01 13373278                   /usr/lib/x86_64-linux-gnu/libgomp.so.1.0.0
7f72fd233000-7f72fd23a000 r-xp 00000000 fc:01 4195455                    /lib/x86_64-linux-gnu/librt-2.19.so
7f72fd23a000-7f72fd439000 ---p 00007000 fc:01 4195455                    /lib/x86_64-linux-gnu/librt-2.19.so
7f72fd439000-7f72fd43a000 r--p 00006000 fc:01 4195455                    /lib/x86_64-linux-gnu/librt-2.19.so
7f72fd43a000-7f72fd43b000 rw-p 00007000 fc:01 4195455                    /lib/x86_64-linux-gnu/librt-2.19.so
7f72fd43b000-7f72fd44a000 r-xp 00000000 fc:01 4198633                    /lib/x86_64-linux-gnu/libbz2.so.1.0.4
7f72fd44a000-7f72fd649000 ---p 0000f000 fc:01 4198633                    /lib/x86_64-linux-gnu/libbz2.so.1.0.4
7f72fd649000-7f72fd64a000 r--p 0000e000 fc:01 4198633                    /lib/x86_64-linux-gnu/libbz2.so.1.0.4
7f72fd64a000-7f72fd64b000 rw-p 0000f000 fc:01 4198633                    /lib/x86_64-linux-gnu/libbz2.so.1.0.4
7f72fd64b000-7f72fd66c000 r-xp 00000000 fc:01 4198682                    /lib/x86_64-linux-gnu/liblzma.so.5.0.0
7f72fd66c000-7f72fd86b000 ---p 00021000 fc:01 4198682                    /lib/x86_64-linux-gnu/liblzma.so.5.0.0
7f72fd86b000-7f72fd86c000 r--p 00020000 fc:01 4198682                    /lib/x86_64-linux-gnu/liblzma.so.5.0.0
7f72fd86c000-7f72fd86d000 rw-p 00021000 fc:01 4198682                    /lib/x86_64-linux-gnu/liblzma.so.5.0.0
7f72fd86d000-7f72fd8aa000 r-xp 00000000 fc:01 4194539                    /lib/x86_64-linux-gnu/libpcre.so.3.13.1
7f72fd8aa000-7f72fdaa9000 ---p 0003d000 fc:01 4194539                    /lib/x86_64-linux-gnu/libpcre.so.3.13.1
7f72fdaa9000-7f72fdaaa000 r--p 0003c000 fc:01 4194539                    /lib/x86_64-linux-gnu/libpcre.so.3.13.1
7f72fdaaa000-7f72fdaab000 rw-p 0003d000 fc:01 4194539                    /lib/x86_64-linux-gnu/libpcre.so.3.13.1
7f72fdaab000-7f72fdae8000 r-xp 00000000 fc:01 4198760                    /lib/x86_64-linux-gnu/libreadline.so.6.3
7f72fdae8000-7f72fdce8000 ---p 0003d000 fc:01 4198760                    /lib/x86_64-linux-gnu/libreadline.so.6.3
7f72fdce8000-7f72fdcea000 r--p 0003d000 fc:01 4198760                    /lib/x86_64-linux-gnu/libreadline.so.6.3
7f72fdcea000-7f72fdcf0000 rw-p 0003f000 fc:01 4198760                    /lib/x86_64-linux-gnu/libreadline.so.6.3
7f72fdcf0000-7f72fdcf1000 rw-p 00000000 00:00 0 
7f72fdcf1000-7f72fdd6d000 r-xp 00000000 fc:01 13375785                   /usr/lib/libblas/libblas.so.3.0
7f72fdd6d000-7f72fdf6c000 ---p 0007c000 fc:01 13375785                   /usr/lib/libblas/libblas.so.3.0
7f72fdf6c000-7f72fdf6d000 r--p 0007b000 fc:01 13375785                   /usr/lib/libblas/libblas.so.3.0
7f72fdf6d000-7f72fdf6e000 rw-p 0007c000 fc:01 13375785                   /usr/lib/libblas/libblas.so.3.0
7f72fdf6e000-7f72fe129000 r-xp 00000000 fc:01 4195456                    /lib/x86_64-linux-gnu/libc-2.19.so
7f72fe129000-7f72fe328000 ---p 001bb000 fc:01 4195456                    /lib/x86_64-linux-gnu/libc-2.19.so
7f72fe328000-7f72fe32c000 r--p 001ba000 fc:01 4195456                    /lib/x86_64-linux-gnu/libc-2.19.so
7f72fe32c000-7f72fe32e000 rw-p 001be000 fc:01 4195456                    /lib/x86_64-linux-gnu/libc-2.19.so
7f72fe32e000-7f72fe333000 rw-p 00000000 00:00 0 
7f72fe333000-7f72fe349000 r-xp 00000000 fc:01 4198608                    /lib/x86_64-linux-gnu/libgcc_s.so.1
7f72fe349000-7f72fe548000 ---p 00016000 fc:01 4198608                    /lib/x86_64-linux-gnu/libgcc_s.so.1
7f72fe548000-7f72fe549000 rw-p 00015000 fc:01 4198608                    /lib/x86_64-linux-gnu/libgcc_s.so.1
7f72fe549000-7f72fe64e000 r-xp 00000000 fc:01 4195405                    /lib/x86_64-linux-gnu/libm-2.19.so
7f72fe64e000-7f72fe84d000 ---p 00105000 fc:01 4195405                    /lib/x86_64-linux-gnu/libm-2.19.so
7f72fe84d000-7f72fe84e000 r--p 00104000 fc:01 4195405                    /lib/x86_64-linux-gnu/libm-2.19.so
7f72fe84e000-7f72fe84f000 rw-p 00105000 fc:01 4195405                    /lib/x86_64-linux-gnu/libm-2.19.so
7f72fe84f000-7f72fe935000 r-xp 00000000 fc:01 13369762                   /usr/lib/x86_64-linux-gnu/libstdc++.so.6.0.19
7f72fe935000-7f72feb34000 ---p 000e6000 fc:01 13369762                   /usr/lib/x86_64-linux-gnu/libstdc++.so.6.0.19
7f72feb34000-7f72feb3c000 r--p 000e5000 fc:01 13369762                   /usr/lib/x86_64-linux-gnu/libstdc++.so.6.0.19
7f72feb3c000-7f72feb3e000 rw-p 000ed000 fc:01 13369762                   /usr/lib/x86_64-linux-gnu/libstdc++.so.6.0.19
7f72feb3e000-7f72feb53000 rw-p 00000000 00:00 0 
7f72feb53000-7f72feb6b000 r-xp 00000000 fc:01 4198798                    /lib/x86_64-linux-gnu/libz.so.1.2.8
7f72feb6b000-7f72fed6a000 ---p 00018000 fc:01 4198798                    /lib/x86_64-linux-gnu/libz.so.1.2.8
7f72fed6a000-7f72fed6b000 r--p 00017000 fc:01 4198798                    /lib/x86_64-linux-gnu/libz.so.1.2.8
7f72fed6b000-7f72fed6c000 rw-p 00018000 fc:01 4198798                    /lib/x86_64-linux-gnu/libz.so.1.2.8
7f72fed6c000-7f72fed70000 r-xp 00000000 fc:01 4198793                    /lib/x86_64-linux-gnu/libuuid.so.1.3.0
7f72fed70000-7f72fef6f000 ---p 00004000 fc:01 4198793                    /lib/x86_64-linux-gnu/libuuid.so.1.3.0
7f72fef6f000-7f72fef70000 r--p 00003000 fc:01 4198793                    /lib/x86_64-linux-gnu/libuuid.so.1.3.0
7f72fef70000-7f72fef71000 rw-p 00004000 fc:01 4198793                    /lib/x86_64-linux-gnu/libuuid.so.1.3.0
7f72fef71000-7f72fef73000 r-xp 00000000 fc:01 4195466                    /lib/x86_64-linux-gnu/libutil-2.19.so
7f72fef73000-7f72ff172000 ---p 00002000 fc:01 4195466                    /lib/x86_64-linux-gnu/libutil-2.19.so
7f72ff172000-7f72ff173000 r--p 00001000 fc:01 4195466                    /lib/x86_64-linux-gnu/libutil-2.19.so
7f72ff173000-7f72ff174000 rw-p 00002000 fc:01 4195466                    /lib/x86_64-linux-gnu/libutil-2.19.so
7f72ff174000-7f72ff18d000 r-xp 00000000 fc:01 4195421                    /lib/x86_64-linux-gnu/libpthread-2.19.so
7f72ff18d000-7f72ff38c000 ---p 00019000 fc:01 4195421                    /lib/x86_64-linux-gnu/libpthread-2.19.so
7f72ff38c000-7f72ff38d000 r--p 00018000 fc:01 4195421                    /lib/x86_64-linux-gnu/libpthread-2.19.so
7f72ff38d000-7f72ff38e000 rw-p 00019000 fc:01 4195421                    /lib/x86_64-linux-gnu/libpthread-2.19.so
7f72ff38e000-7f72ff392000 rw-p 00000000 00:00 0 
7f72ff392000-7f72ff395000 r-xp 00000000 fc:01 4195407                    /lib/x86_64-linux-gnu/libdl-2.19.so
7f72ff395000-7f72ff594000 ---p 00003000 fc:01 4195407                    /lib/x86_64-linux-gnu/libdl-2.19.so
7f72ff594000-7f72ff595000 r--p 00002000 fc:01 4195407                    /lib/x86_64-linux-gnu/libdl-2.19.so
7f72ff595000-7f72ff596000 rw-p 00003000 fc:01 4195407                    /lib/x86_64-linux-gnu/libdl-2.19.so
7f72ff596000-7f72ff83a000 r-xp 00000000 fc:01 13502449                   /usr/lib/R/lib/libR.so
7f72ff83a000-7f72ffa3a000 ---p 002a4000 fc:01 13502449                   /usr/lib/R/lib/libR.so
7f72ffa3a000-7f72ffa57000 r--p 002a4000 fc:01 13502449                   /usr/lib/R/lib/libR.so
7f72ffa57000-7f72ffa62000 rw-p 002c1000 fc:01 13502449                   /usr/lib/R/lib/libR.so
7f72ffa62000-7f72ffbb3000 rw-p 00000000 00:00 0 
7f72ffbb3000-7f72ffbd6000 r-xp 00000000 fc:01 4195426                    /lib/x86_64-linux-gnu/ld-2.19.so
7f72ffbfd000-7f72ffcb4000 rw-p 00000000 00:00 0 
7f72ffcdb000-7f72ffcdc000 rw-p 00000000 00:00 0 
7f72ffcdc000-7f72ffcdd000 r--s 00000000 fc:01 663896                     /home/fredcaram/R/x86_64-pc-linux-gnu-library/3.3/RWeka/java/RWeka.jar
7f72ffcdd000-7f72ffcde000 r--s 00002000 fc:01 13511639                   /usr/lib/jvm/java-7-openjdk-amd64/jre/lib/ext/dnsns.jar
7f72ffcde000-7f72ffce2000 r--s 00034000 fc:01 13511641                   /usr/lib/jvm/java-7-openjdk-amd64/jre/lib/ext/sunjce_provider.jar
7f72ffce2000-7f72ffced000 rw-p 00000000 00:00 0 
7f72ffced000-7f72ffd35000 rw-p 00000000 00:00 0 
7f72ffd35000-7f72ffdb2000 rw-p 00000000 00:00 0 
7f72ffdb2000-7f72ffdb6000 r--s 00085000 fc:01 13511643                   /usr/lib/jvm/java-7-openjdk-amd64/jre/lib/ext/localedata.jar
7f72ffdb6000-7f72ffdb9000 r--s 0000f000 fc:01 13511642                   /usr/lib/jvm/java-7-openjdk-amd64/jre/lib/ext/icedtea-sound.jar
7f72ffdb9000-7f72ffdbb000 r--s 00006000 fc:01 13900052                   /usr/share/java/java-atk-wrapper.jar
7f72ffdbb000-7f72ffdbf000 r--s 0003c000 fc:01 13511644                   /usr/lib/jvm/java-7-openjdk-amd64/jre/lib/ext/sunpkcs11.jar
7f72ffdbf000-7f72ffdc1000 r--s 00012000 fc:01 13511640                   /usr/lib/jvm/java-7-openjdk-amd64/jre/lib/ext/zipfs.jar
7f72ffdc1000-7f72ffdc9000 rw-s 00000000 fc:01 4849756                    /tmp/hsperfdata_fredcaram/3441
7f72ffdc9000-7f72ffdca000 rw-p 00000000 00:00 0 
7f72ffdca000-7f72ffdcb000 ---p 00000000 00:00 0 
7f72ffdcb000-7f72ffdcc000 r--p 00000000 fc:01 4456886                    /usr/lib/R/library/translations/en/LC_MESSAGES/R.mo
7f72ffdcc000-7f72ffdd3000 r--s 00000000 fc:01 13901825                   /usr/lib/x86_64-linux-gnu/gconv/gconv-modules.cache
7f72ffdd3000-7f72ffdd5000 rw-p 00000000 00:00 0 
7f72ffdd5000-7f72ffdd6000 r--p 00022000 fc:01 4195426                    /lib/x86_64-linux-gnu/ld-2.19.so
7f72ffdd6000-7f72ffdd7000 rw-p 00023000 fc:01 4195426                    /lib/x86_64-linux-gnu/ld-2.19.so
7f72ffdd7000-7f72ffdd8000 rw-p 00000000 00:00 0 
7fff97e8f000-7fff97e92000 ---p 00000000 00:00 0 
7fff97e93000-7fff97f8f000 rw-p 00000000 00:00 0                          [stack]
7fff97fdf000-7fff97fe1000 r--p 00000000 00:00 0                          [vvar]
7fff97fe1000-7fff97fe3000 r-xp 00000000 00:00 0                          [vdso]
ffffffffff600000-ffffffffff601000 r-xp 00000000 00:00 0                  [vsyscall]

VM Arguments:
jvm_args: -Xmx128g -Xrs vfprintf exit 
java_command: <unknown>
Launcher Type: generic

Environment Variables:
PATH=/usr/local/sbin:/usr/local/bin:/usr/sbin:/usr/bin:/sbin:/bin:/usr/games:/usr/local/games:/home/fredcaram/.rvm/bin
USERNAME=fredcaram
LD_LIBRARY_PATH=/usr/lib/R/lib::/lib:/usr/lib/x86_64-linux-gnu:/usr/lib/jvm/java-7-openjdk-amd64/jre/lib/amd64/server:@JAVA_LD@
SHELL=/usr/bin/zsh
DISPLAY=:0

Signal Handlers:
SIGSEGV: [libjvm.so+0x9561e0], sa_mask[0]=0x7ffbfeff, sa_flags=0x10000004
SIGBUS: [libjvm.so+0x9561e0], sa_mask[0]=0x7ffbfeff, sa_flags=0x10000004
SIGFPE: [libjvm.so+0x7cc4d0], sa_mask[0]=0x7ffbfeff, sa_flags=0x10000004
SIGPIPE: [libjvm.so+0x7cc4d0], sa_mask[0]=0x7ffbfeff, sa_flags=0x10000004
SIGXFSZ: [libjvm.so+0x7cc4d0], sa_mask[0]=0x7ffbfeff, sa_flags=0x10000004
SIGILL: [libjvm.so+0x7cc4d0], sa_mask[0]=0x7ffbfeff, sa_flags=0x10000004
SIGUSR1: SIG_IGN, sa_mask[0]=0x00000000, sa_flags=0x00000000
SIGUSR2: [libjvm.so+0x7cc370], sa_mask[0]=0x00000000, sa_flags=0x10000004
SIGHUP: SIG_DFL, sa_mask[0]=0x00000000, sa_flags=0x00000000
SIGINT: SIG_DFL, sa_mask[0]=0x00000000, sa_flags=0x00000000
SIGTERM: SIG_DFL, sa_mask[0]=0x00000000, sa_flags=0x00000000
SIGQUIT: SIG_DFL, sa_mask[0]=0x00000000, sa_flags=0x00000000
SIGTRAP: [libclang.so+0xa79410], sa_mask[0]=0x00000000, sa_flags=0x00000000


---------------  S Y S T E M  ---------------

OS:LinuxMint 17.3 (rosa)
uname:Linux 3.19.0-32-generic #37~14.04.1-Ubuntu SMP Thu Oct 22 09:41:40 UTC 2015 x86_64
libc:glibc 2.19 NPTL 2.19 
rlimit: STACK 8192k, CORE 0k, NPROC 29900, NOFILE 4096, AS infinity
load average:10.50 6.67 5.04

/proc/meminfo:
MemTotal:        7872312 kB
MemFree:          132888 kB
MemAvailable:      87424 kB
Buffers:            1224 kB
Cached:            95848 kB
SwapCached:       183072 kB
Active:          6249696 kB
Inactive:        1328064 kB
Active(anon):    6230436 kB
Inactive(anon):  1297316 kB
Active(file):      19260 kB
Inactive(file):    30748 kB
Unevictable:         160 kB
Mlocked:             160 kB
SwapTotal:       8085500 kB
SwapFree:        1348536 kB
Dirty:                44 kB
Writeback:             0 kB
AnonPages:       7298876 kB
Mapped:            35992 kB
Shmem:             46196 kB
Slab:              60604 kB
SReclaimable:      27996 kB
SUnreclaim:        32608 kB
KernelStack:        8000 kB
PageTables:        47044 kB
NFS_Unstable:          0 kB
Bounce:                0 kB
WritebackTmp:          0 kB
CommitLimit:    12021656 kB
Committed_AS:   20479336 kB
VmallocTotal:   34359738367 kB
VmallocUsed:      357216 kB
VmallocChunk:   34359293916 kB
HardwareCorrupted:     0 kB
AnonHugePages:    163840 kB
CmaTotal:              0 kB
CmaFree:               0 kB
HugePages_Total:       0
HugePages_Free:        0
HugePages_Rsvd:        0
HugePages_Surp:        0
Hugepagesize:       2048 kB
DirectMap4k:      106420 kB
DirectMap2M:     7976960 kB


CPU:total 8 (4 cores per cpu, 2 threads per core) family 6 model 58 stepping 9, cmov, cx8, fxsr, mmx, sse, sse2, sse3, ssse3, sse4.1, sse4.2, popcnt, avx, erms, ht, tsc, tscinvbit, tscinv

/proc/cpuinfo:
processor	: 0
vendor_id	: GenuineIntel
cpu family	: 6
model		: 58
model name	: Intel(R) Core(TM) i7-3630QM CPU @ 2.40GHz
stepping	: 9
microcode	: 0x15
cpu MHz		: 1664.812
cache size	: 6144 KB
physical id	: 0
siblings	: 8
core id		: 0
cpu cores	: 4
apicid		: 0
initial apicid	: 0
fpu		: yes
fpu_exception	: yes
cpuid level	: 13
wp		: yes
flags		: fpu vme de pse tsc msr pae mce cx8 apic sep mtrr pge mca cmov pat pse36 clflush dts acpi mmx fxsr sse sse2 ss ht tm pbe syscall nx rdtscp lm constant_tsc arch_perfmon pebs bts rep_good nopl xtopology nonstop_tsc aperfmperf eagerfpu pni pclmulqdq dtes64 monitor ds_cpl vmx est tm2 ssse3 cx16 xtpr pdcm pcid sse4_1 sse4_2 x2apic popcnt tsc_deadline_timer xsave avx f16c rdrand lahf_lm ida arat epb pln pts dtherm tpr_shadow vnmi flexpriority ept vpid fsgsbase smep erms xsaveopt
bugs		:
bogomips	: 4789.04
clflush size	: 64
cache_alignment	: 64
address sizes	: 36 bits physical, 48 bits virtual
power management:

processor	: 1
vendor_id	: GenuineIntel
cpu family	: 6
model		: 58
model name	: Intel(R) Core(TM) i7-3630QM CPU @ 2.40GHz
stepping	: 9
microcode	: 0x15
cpu MHz		: 3221.437
cache size	: 6144 KB
physical id	: 0
siblings	: 8
core id		: 0
cpu cores	: 4
apicid		: 1
initial apicid	: 1
fpu		: yes
fpu_exception	: yes
cpuid level	: 13
wp		: yes
flags		: fpu vme de pse tsc msr pae mce cx8 apic sep mtrr pge mca cmov pat pse36 clflush dts acpi mmx fxsr sse sse2 ss ht tm pbe syscall nx rdtscp lm constant_tsc arch_perfmon pebs bts rep_good nopl xtopology nonstop_tsc aperfmperf eagerfpu pni pclmulqdq dtes64 monitor ds_cpl vmx est tm2 ssse3 cx16 xtpr pdcm pcid sse4_1 sse4_2 x2apic popcnt tsc_deadline_timer xsave avx f16c rdrand lahf_lm ida arat epb pln pts dtherm tpr_shadow vnmi flexpriority ept vpid fsgsbase smep erms xsaveopt
bugs		:
bogomips	: 4789.04
clflush size	: 64
cache_alignment	: 64
address sizes	: 36 bits physical, 48 bits virtual
power management:

processor	: 2
vendor_id	: GenuineIntel
cpu family	: 6
model		: 58
model name	: Intel(R) Core(TM) i7-3630QM CPU @ 2.40GHz
stepping	: 9
microcode	: 0x15
cpu MHz		: 2459.156
cache size	: 6144 KB
physical id	: 0
siblings	: 8
core id		: 1
cpu cores	: 4
apicid		: 2
initial apicid	: 2
fpu		: yes
fpu_exception	: yes
cpuid level	: 13
wp		: yes
flags		: fpu vme de pse tsc msr pae mce cx8 apic sep mtrr pge mca cmov pat pse36 clflush dts acpi mmx fxsr sse sse2 ss ht tm pbe syscall nx rdtscp lm constant_tsc arch_perfmon pebs bts rep_good nopl xtopology nonstop_tsc aperfmperf eagerfpu pni pclmulqdq dtes64 monitor ds_cpl vmx est tm2 ssse3 cx16 xtpr pdcm pcid sse4_1 sse4_2 x2apic popcnt tsc_deadline_timer xsave avx f16c rdrand lahf_lm ida arat epb pln pts dtherm tpr_shadow vnmi flexpriority ept vpid fsgsbase smep erms xsaveopt
bugs		:
bogomips	: 4789.04
clflush size	: 64
cache_alignment	: 64
address sizes	: 36 bits physical, 48 bits virtual
power management:

processor	: 3
vendor_id	: GenuineIntel
cpu family	: 6
model		: 58
model name	: Intel(R) Core(TM) i7-3630QM CPU @ 2.40GHz
stepping	: 9
microcode	: 0x15
cpu MHz		: 2477.531
cache size	: 6144 KB
physical id	: 0
siblings	: 8
core id		: 1
cpu cores	: 4
apicid		: 3
initial apicid	: 3
fpu		: yes
fpu_exception	: yes
cpuid level	: 13
wp		: yes
flags		: fpu vme de pse tsc msr pae mce cx8 apic sep mtrr pge mca cmov pat pse36 clflush dts acpi mmx fxsr sse sse2 ss ht tm pbe syscall nx rdtscp lm constant_tsc arch_perfmon pebs bts rep_good nopl xtopology nonstop_tsc aperfmperf eagerfpu pni pclmulqdq dtes64 monitor ds_cpl vmx est tm2 ssse3 cx16 xtpr pdcm pcid sse4_1 sse4_2 x2apic popcnt tsc_deadline_timer xsave avx f16c rdrand lahf_lm ida arat epb pln pts dtherm tpr_shadow vnmi flexpriority ept vpid fsgsbase smep erms xsaveopt
bugs		:
bogomips	: 4789.04
clflush size	: 64
cache_alignment	: 64
address sizes	: 36 bits physical, 48 bits virtual
power management:

processor	: 4
vendor_id	: GenuineIntel
cpu family	: 6
model		: 58
model name	: Intel(R) Core(TM) i7-3630QM CPU @ 2.40GHz
stepping	: 9
microcode	: 0x15
cpu MHz		: 2009.625
cache size	: 6144 KB
physical id	: 0
siblings	: 8
core id		: 2
cpu cores	: 4
apicid		: 4
initial apicid	: 4
fpu		: yes
fpu_exception	: yes
cpuid level	: 13
wp		: yes
flags		: fpu vme de pse tsc msr pae mce cx8 apic sep mtrr pge mca cmov pat pse36 clflush dts acpi mmx fxsr sse sse2 ss ht tm pbe syscall nx rdtscp lm constant_tsc arch_perfmon pebs bts rep_good nopl xtopology nonstop_tsc aperfmperf eagerfpu pni pclmulqdq dtes64 monitor ds_cpl vmx est tm2 ssse3 cx16 xtpr pdcm pcid sse4_1 sse4_2 x2apic popcnt tsc_deadline_timer xsave avx f16c rdrand lahf_lm ida arat epb pln pts dtherm tpr_shadow vnmi flexpriority ept vpid fsgsbase smep erms xsaveopt
bugs		:
bogomips	: 4789.04
clflush size	: 64
cache_alignment	: 64
address sizes	: 36 bits physical, 48 bits virtual
power management:

processor	: 5
vendor_id	: GenuineIntel
cpu family	: 6
model		: 58
model name	: Intel(R) Core(TM) i7-3630QM CPU @ 2.40GHz
stepping	: 9
microcode	: 0x15
cpu MHz		: 3276.843
cache size	: 6144 KB
physical id	: 0
siblings	: 8
core id		: 2
cpu cores	: 4
apicid		: 5
initial apicid	: 5
fpu		: yes
fpu_exception	: yes
cpuid level	: 13
wp		: yes
flags		: fpu vme de pse tsc msr pae mce cx8 apic sep mtrr pge mca cmov pat pse36 clflush dts acpi mmx fxsr sse sse2 ss ht tm pbe syscall nx rdtscp lm constant_tsc arch_perfmon pebs bts rep_good nopl xtopology nonstop_tsc aperfmperf eagerfpu pni pclmulqdq dtes64 monitor ds_cpl vmx est tm2 ssse3 cx16 xtpr pdcm pcid sse4_1 sse4_2 x2apic popcnt tsc_deadline_timer xsave avx f16c rdrand lahf_lm ida arat epb pln pts dtherm tpr_shadow vnmi flexpriority ept vpid fsgsbase smep erms xsaveopt
bugs		:
bogomips	: 4789.04
clflush size	: 64
cache_alignment	: 64
address sizes	: 36 bits physical, 48 bits virtual
power management:

processor	: 6
vendor_id	: GenuineIntel
cpu family	: 6
model		: 58
model name	: Intel(R) Core(TM) i7-3630QM CPU @ 2.40GHz
stepping	: 9
microcode	: 0x15
cpu MHz		: 2418.375
cache size	: 6144 KB
physical id	: 0
siblings	: 8
core id		: 3
cpu cores	: 4
apicid		: 6
initial apicid	: 6
fpu		: yes
fpu_exception	: yes
cpuid level	: 13
wp		: yes
flags		: fpu vme de pse tsc msr pae mce cx8 apic sep mtrr pge mca cmov pat pse36 clflush dts acpi mmx fxsr sse sse2 ss ht tm pbe syscall nx rdtscp lm constant_tsc arch_perfmon pebs bts rep_good nopl xtopology nonstop_tsc aperfmperf eagerfpu pni pclmulqdq dtes64 monitor ds_cpl vmx est tm2 ssse3 cx16 xtpr pdcm pcid sse4_1 sse4_2 x2apic popcnt tsc_deadline_timer xsave avx f16c rdrand lahf_lm ida arat epb pln pts dtherm tpr_shadow vnmi flexpriority ept vpid fsgsbase smep erms xsaveopt
bugs		:
bogomips	: 4789.04
clflush size	: 64
cache_alignment	: 64
address sizes	: 36 bits physical, 48 bits virtual
power management:

processor	: 7
vendor_id	: GenuineIntel
cpu family	: 6
model		: 58
model name	: Intel(R) Core(TM) i7-3630QM CPU @ 2.40GHz
stepping	: 9
microcode	: 0x15
cpu MHz		: 3357.281
cache size	: 6144 KB
physical id	: 0
siblings	: 8
core id		: 3
cpu cores	: 4
apicid		: 7
initial apicid	: 7
fpu		: yes
fpu_exception	: yes
cpuid level	: 13
wp		: yes
flags		: fpu vme de pse tsc msr pae mce cx8 apic sep mtrr pge mca cmov pat pse36 clflush dts acpi mmx fxsr sse sse2 ss ht tm pbe syscall nx rdtscp lm constant_tsc arch_perfmon pebs bts rep_good nopl xtopology nonstop_tsc aperfmperf eagerfpu pni pclmulqdq dtes64 monitor ds_cpl vmx est tm2 ssse3 cx16 xtpr pdcm pcid sse4_1 sse4_2 x2apic popcnt tsc_deadline_timer xsave avx f16c rdrand lahf_lm ida arat epb pln pts dtherm tpr_shadow vnmi flexpriority ept vpid fsgsbase smep erms xsaveopt
bugs		:
bogomips	: 4789.04
clflush size	: 64
cache_alignment	: 64
address sizes	: 36 bits physical, 48 bits virtual
power management:



Memory: 4k page, physical 7872312k(132640k free), swap 8085500k(1348540k free)

vm_info: OpenJDK 64-Bit Server VM (24.95-b01) for linux-amd64 JRE (1.7.0_101-b00), built on Apr 24 2016 20:39:29 by "buildd" with gcc 4.8.2

time: Tue May 24 22:51:00 2016
elapsed time: 6075 seconds

